INFO:unityagents:
'Academy' started successfully!
Unity Academy name: Academy
        Number of Brains: 1
        Number of External Brains : 1
        Lesson number : 0
        Reset Parameters :
		
Unity brain name: TennisBrain
        Number of Visual Observations (per agent): 0
        Vector Observation space type: continuous
        Vector Observation space size (per agent): 8
        Number of stacked Vector Observation: 3
        Vector Action space type: continuous
        Vector Action space size (per agent): 2
        Vector Action descriptions: , 
INFO:root:Configuration: {'general_params': {'seed': 0, 'num_of_episodes': 300, 'mode': {'train': 1, 'test': 0}}, 'agent_params': {'state_size': 48, 'action_size': 4, 'learning_rate_actor': 0.001, 'learning_rate_policy': 0.0003, 'learning_rate_critic': 0.002, 'learning_rate_value_fn': 0.0003, 'gamma': 0.99, 'tau': 0.001, 'updates_num': 10, 'baseline_epochs': 10, 'ppo_epochs': 5, 'ppo_epsilon': 0.2, 'buf_params': {'buffer_size': 1000, 'batch_size': 128}, 'nn_params': {'nn_actor': {'l1': [48, 128], 'l2': [128, 64], 'l3': [64, 4]}, 'nn_critic': {'l1': [52, 128], 'l2': [128, 256], 'l3': [256, 128], 'l4': [128, 32], 'l5': [32, 1]}, 'nn_policy': {'l1': [-1, 128], 'l2': [128, 64], 'l3': [64, -1]}, 'nn_value_function': {'l1': [-1, 256], 'l2': [256, 128], 'l3': [128, 1]}}}, 'trainer_params': {'learning_rate_decay': 0.999, 't_max': 1000, 'results_path': '../results/', 'model_path': '../models/'}, 'env_params': {'path': '../Tennis_Linux/Tennis.x86_64', 'seed': 0, 'worker_id': 0, 'visual_mode': False, 'multiagent_mode': True}}
INFO:root:Training:
INFO:root:Episode 1	Current Score (average over 20 robots): 0.09	Average Score (over episodes): 0.09 		Total loss: 0.00	Learning rate (actor): 0.0010	Learning rate (critic): 0.0020
INFO:root:Episode 2	Current Score (average over 20 robots): 0.00	Average Score (over episodes): 0.05 		Total loss: 0.00	Learning rate (actor): 0.0010	Learning rate (critic): 0.0020
INFO:root:Episode 3	Current Score (average over 20 robots): 0.00	Average Score (over episodes): 0.03 		Total loss: 0.00	Learning rate (actor): 0.0010	Learning rate (critic): 0.0020
INFO:root:Episode 4	Current Score (average over 20 robots): 0.00	Average Score (over episodes): 0.02 		Total loss: 0.00	Learning rate (actor): 0.0010	Learning rate (critic): 0.0020
INFO:root:Episode 5	Current Score (average over 20 robots): 0.00	Average Score (over episodes): 0.02 		Total loss: 0.00	Learning rate (actor): 0.0010	Learning rate (critic): 0.0020
INFO:root:Episode 6	Current Score (average over 20 robots): 0.00	Average Score (over episodes): 0.02 		Total loss: 0.00	Learning rate (actor): 0.0010	Learning rate (critic): 0.0020
INFO:root:Episode 7	Current Score (average over 20 robots): 0.00	Average Score (over episodes): 0.01 		Total loss: 0.00	Learning rate (actor): 0.0010	Learning rate (critic): 0.0020
INFO:root:Episode 8	Current Score (average over 20 robots): 0.10	Average Score (over episodes): 0.02 		Total loss: 0.00	Learning rate (actor): 0.0010	Learning rate (critic): 0.0020
INFO:root:Episode 9	Current Score (average over 20 robots): 0.00	Average Score (over episodes): 0.02 		Total loss: 0.00	Learning rate (actor): 0.0010	Learning rate (critic): 0.0020
INFO:root:Episode 10	Current Score (average over 20 robots): 0.00	Average Score (over episodes): 0.02 		Total loss: 0.00	Learning rate (actor): 0.0010	Learning rate (critic): 0.0020
INFO:root:Episode 11	Current Score (average over 20 robots): 0.00	Average Score (over episodes): 0.02 		Total loss: 0.00	Learning rate (actor): 0.0010	Learning rate (critic): 0.0020
INFO:root:Episode 12	Current Score (average over 20 robots): 0.00	Average Score (over episodes): 0.02 		Total loss: 0.00	Learning rate (actor): 0.0010	Learning rate (critic): 0.0020
INFO:root:Episode 13	Current Score (average over 20 robots): 0.00	Average Score (over episodes): 0.01 		Total loss: 0.00	Learning rate (actor): 0.0010	Learning rate (critic): 0.0020
INFO:root:Episode 14	Current Score (average over 20 robots): 0.00	Average Score (over episodes): 0.01 		Total loss: 0.00	Learning rate (actor): 0.0010	Learning rate (critic): 0.0020
INFO:root:Episode 15	Current Score (average over 20 robots): 0.00	Average Score (over episodes): 0.01 		Total loss: 0.00	Learning rate (actor): 0.0010	Learning rate (critic): 0.0020
INFO:root:Episode 16	Current Score (average over 20 robots): 0.00	Average Score (over episodes): 0.01 		Total loss: 0.00	Learning rate (actor): 0.0010	Learning rate (critic): 0.0020
INFO:root:Episode 17	Current Score (average over 20 robots): 0.00	Average Score (over episodes): 0.01 		Total loss: 0.00	Learning rate (actor): 0.0010	Learning rate (critic): 0.0020
INFO:root:Episode 18	Current Score (average over 20 robots): 0.00	Average Score (over episodes): 0.01 		Total loss: 0.00	Learning rate (actor): 0.0010	Learning rate (critic): 0.0020
INFO:root:Episode 19	Current Score (average over 20 robots): 0.00	Average Score (over episodes): 0.01 		Total loss: 0.00	Learning rate (actor): 0.0010	Learning rate (critic): 0.0020
INFO:root:Episode 20	Current Score (average over 20 robots): 0.00	Average Score (over episodes): 0.01 		Total loss: 0.00	Learning rate (actor): 0.0010	Learning rate (critic): 0.0020
INFO:root:Episode 21	Current Score (average over 20 robots): 0.00	Average Score (over episodes): 0.01 		Total loss: 0.00	Learning rate (actor): 0.0010	Learning rate (critic): 0.0020
INFO:root:Episode 22	Current Score (average over 20 robots): 0.00	Average Score (over episodes): 0.01 		Total loss: 0.00	Learning rate (actor): 0.0010	Learning rate (critic): 0.0020
INFO:root:Episode 23	Current Score (average over 20 robots): 0.00	Average Score (over episodes): 0.01 		Total loss: 0.00	Learning rate (actor): 0.0010	Learning rate (critic): 0.0020
INFO:root:Episode 24	Current Score (average over 20 robots): 0.00	Average Score (over episodes): 0.01 		Total loss: 0.00	Learning rate (actor): 0.0010	Learning rate (critic): 0.0020
INFO:root:Episode 25	Current Score (average over 20 robots): 0.00	Average Score (over episodes): 0.01 		Total loss: 0.00	Learning rate (actor): 0.0010	Learning rate (critic): 0.0020
INFO:root:Episode 26	Current Score (average over 20 robots): 0.00	Average Score (over episodes): 0.01 		Total loss: 0.00	Learning rate (actor): 0.0010	Learning rate (critic): 0.0020
INFO:root:Episode 27	Current Score (average over 20 robots): 0.00	Average Score (over episodes): 0.01 		Total loss: 0.00	Learning rate (actor): 0.0010	Learning rate (critic): 0.0019
INFO:root:Episode 28	Current Score (average over 20 robots): 0.00	Average Score (over episodes): 0.01 		Total loss: 0.00	Learning rate (actor): 0.0010	Learning rate (critic): 0.0019
INFO:root:Episode 29	Current Score (average over 20 robots): 0.00	Average Score (over episodes): 0.01 		Total loss: 0.00	Learning rate (actor): 0.0010	Learning rate (critic): 0.0019
INFO:root:Episode 30	Current Score (average over 20 robots): 0.00	Average Score (over episodes): 0.01 		Total loss: 0.00	Learning rate (actor): 0.0010	Learning rate (critic): 0.0019
INFO:root:Episode 31	Current Score (average over 20 robots): 0.00	Average Score (over episodes): 0.01 		Total loss: 0.00	Learning rate (actor): 0.0010	Learning rate (critic): 0.0019
INFO:root:Episode 32	Current Score (average over 20 robots): 0.00	Average Score (over episodes): 0.01 		Total loss: 0.00	Learning rate (actor): 0.0010	Learning rate (critic): 0.0019
INFO:root:Episode 33	Current Score (average over 20 robots): 0.00	Average Score (over episodes): 0.01 		Total loss: 0.00	Learning rate (actor): 0.0010	Learning rate (critic): 0.0019
INFO:root:Episode 34	Current Score (average over 20 robots): 0.10	Average Score (over episodes): 0.01 		Total loss: 0.00	Learning rate (actor): 0.0010	Learning rate (critic): 0.0019
INFO:root:Episode 35	Current Score (average over 20 robots): 0.00	Average Score (over episodes): 0.01 		Total loss: 0.00	Learning rate (actor): 0.0010	Learning rate (critic): 0.0019
INFO:root:Episode 36	Current Score (average over 20 robots): 0.00	Average Score (over episodes): 0.01 		Total loss: 0.00	Learning rate (actor): 0.0010	Learning rate (critic): 0.0019
INFO:root:Episode 37	Current Score (average over 20 robots): 0.00	Average Score (over episodes): 0.01 		Total loss: 0.00	Learning rate (actor): 0.0010	Learning rate (critic): 0.0019
INFO:root:Episode 38	Current Score (average over 20 robots): 0.00	Average Score (over episodes): 0.01 		Total loss: 0.00	Learning rate (actor): 0.0010	Learning rate (critic): 0.0019
INFO:root:Episode 39	Current Score (average over 20 robots): 0.00	Average Score (over episodes): 0.01 		Total loss: 0.00	Learning rate (actor): 0.0010	Learning rate (critic): 0.0019
INFO:root:Episode 40	Current Score (average over 20 robots): 0.00	Average Score (over episodes): 0.01 		Total loss: 0.00	Learning rate (actor): 0.0010	Learning rate (critic): 0.0019
INFO:root:Episode 41	Current Score (average over 20 robots): 0.00	Average Score (over episodes): 0.01 		Total loss: 0.00	Learning rate (actor): 0.0010	Learning rate (critic): 0.0019
INFO:root:Episode 42	Current Score (average over 20 robots): 0.00	Average Score (over episodes): 0.01 		Total loss: 0.00	Learning rate (actor): 0.0010	Learning rate (critic): 0.0019
INFO:root:Episode 43	Current Score (average over 20 robots): 0.00	Average Score (over episodes): 0.01 		Total loss: 0.00	Learning rate (actor): 0.0010	Learning rate (critic): 0.0019
INFO:root:Episode 44	Current Score (average over 20 robots): 0.00	Average Score (over episodes): 0.01 		Total loss: 0.00	Learning rate (actor): 0.0010	Learning rate (critic): 0.0019
INFO:root:Episode 45	Current Score (average over 20 robots): 0.00	Average Score (over episodes): 0.01 		Total loss: 0.00	Learning rate (actor): 0.0010	Learning rate (critic): 0.0019
INFO:root:Episode 46	Current Score (average over 20 robots): 0.00	Average Score (over episodes): 0.01 		Total loss: 0.00	Learning rate (actor): 0.0010	Learning rate (critic): 0.0019
INFO:root:Episode 47	Current Score (average over 20 robots): 0.00	Average Score (over episodes): 0.01 		Total loss: 0.00	Learning rate (actor): 0.0010	Learning rate (critic): 0.0019
INFO:root:Episode 48	Current Score (average over 20 robots): 0.00	Average Score (over episodes): 0.01 		Total loss: 0.00	Learning rate (actor): 0.0010	Learning rate (critic): 0.0019
INFO:root:Episode 49	Current Score (average over 20 robots): 0.00	Average Score (over episodes): 0.01 		Total loss: 0.00	Learning rate (actor): 0.0010	Learning rate (critic): 0.0019
INFO:root:Episode 50	Current Score (average over 20 robots): 0.00	Average Score (over episodes): 0.01 		Total loss: 0.00	Learning rate (actor): 0.0010	Learning rate (critic): 0.0019
INFO:root:Episode 51	Current Score (average over 20 robots): 0.00	Average Score (over episodes): 0.01 		Total loss: 0.00	Learning rate (actor): 0.0010	Learning rate (critic): 0.0019
INFO:root:Episode 52	Current Score (average over 20 robots): 0.00	Average Score (over episodes): 0.01 		Total loss: 0.00	Learning rate (actor): 0.0010	Learning rate (critic): 0.0019
INFO:root:Episode 53	Current Score (average over 20 robots): 0.00	Average Score (over episodes): 0.01 		Total loss: 0.00	Learning rate (actor): 0.0009	Learning rate (critic): 0.0019
INFO:root:Episode 54	Current Score (average over 20 robots): 0.00	Average Score (over episodes): 0.01 		Total loss: 0.00	Learning rate (actor): 0.0009	Learning rate (critic): 0.0019
INFO:root:Episode 55	Current Score (average over 20 robots): 0.00	Average Score (over episodes): 0.01 		Total loss: 0.00	Learning rate (actor): 0.0009	Learning rate (critic): 0.0019
INFO:root:Episode 56	Current Score (average over 20 robots): 0.00	Average Score (over episodes): 0.01 		Total loss: 0.00	Learning rate (actor): 0.0009	Learning rate (critic): 0.0019
INFO:root:Episode 57	Current Score (average over 20 robots): 0.00	Average Score (over episodes): 0.01 		Total loss: 0.00	Learning rate (actor): 0.0009	Learning rate (critic): 0.0019
INFO:root:Episode 58	Current Score (average over 20 robots): 0.00	Average Score (over episodes): 0.01 		Total loss: 0.00	Learning rate (actor): 0.0009	Learning rate (critic): 0.0019
INFO:root:Episode 59	Current Score (average over 20 robots): 0.00	Average Score (over episodes): 0.00 		Total loss: 0.00	Learning rate (actor): 0.0009	Learning rate (critic): 0.0019
INFO:root:Episode 60	Current Score (average over 20 robots): 0.00	Average Score (over episodes): 0.00 		Total loss: 0.00	Learning rate (actor): 0.0009	Learning rate (critic): 0.0019
INFO:root:Episode 61	Current Score (average over 20 robots): 0.00	Average Score (over episodes): 0.00 		Total loss: 0.00	Learning rate (actor): 0.0009	Learning rate (critic): 0.0019
INFO:root:Episode 62	Current Score (average over 20 robots): 0.00	Average Score (over episodes): 0.00 		Total loss: 0.00	Learning rate (actor): 0.0009	Learning rate (critic): 0.0019
INFO:root:Episode 63	Current Score (average over 20 robots): 0.00	Average Score (over episodes): 0.00 		Total loss: 0.00	Learning rate (actor): 0.0009	Learning rate (critic): 0.0019
INFO:root:Episode 64	Current Score (average over 20 robots): 0.00	Average Score (over episodes): 0.00 		Total loss: 0.00	Learning rate (actor): 0.0009	Learning rate (critic): 0.0019
INFO:root:Episode 65	Current Score (average over 20 robots): 0.00	Average Score (over episodes): 0.00 		Total loss: 0.00	Learning rate (actor): 0.0009	Learning rate (critic): 0.0019
INFO:root:Episode 66	Current Score (average over 20 robots): 0.00	Average Score (over episodes): 0.00 		Total loss: 0.00	Learning rate (actor): 0.0009	Learning rate (critic): 0.0019
INFO:root:Episode 67	Current Score (average over 20 robots): 0.00	Average Score (over episodes): 0.00 		Total loss: 0.00	Learning rate (actor): 0.0009	Learning rate (critic): 0.0019
INFO:root:Episode 68	Current Score (average over 20 robots): 0.00	Average Score (over episodes): 0.00 		Total loss: 0.00	Learning rate (actor): 0.0009	Learning rate (critic): 0.0019
INFO:root:Episode 69	Current Score (average over 20 robots): 0.00	Average Score (over episodes): 0.00 		Total loss: 0.00	Learning rate (actor): 0.0009	Learning rate (critic): 0.0019
INFO:root:Episode 70	Current Score (average over 20 robots): 0.00	Average Score (over episodes): 0.00 		Total loss: 0.00	Learning rate (actor): 0.0009	Learning rate (critic): 0.0019
INFO:root:Episode 71	Current Score (average over 20 robots): 0.00	Average Score (over episodes): 0.00 		Total loss: 0.00	Learning rate (actor): 0.0009	Learning rate (critic): 0.0019
INFO:root:Episode 72	Current Score (average over 20 robots): 0.00	Average Score (over episodes): 0.00 		Total loss: 0.00	Learning rate (actor): 0.0009	Learning rate (critic): 0.0019
INFO:root:Episode 73	Current Score (average over 20 robots): 0.00	Average Score (over episodes): 0.00 		Total loss: 0.00	Learning rate (actor): 0.0009	Learning rate (critic): 0.0019
INFO:root:Episode 74	Current Score (average over 20 robots): 0.00	Average Score (over episodes): 0.00 		Total loss: 0.00	Learning rate (actor): 0.0009	Learning rate (critic): 0.0019
INFO:root:Episode 75	Current Score (average over 20 robots): 0.00	Average Score (over episodes): 0.00 		Total loss: 0.00	Learning rate (actor): 0.0009	Learning rate (critic): 0.0019
INFO:root:Episode 76	Current Score (average over 20 robots): 0.00	Average Score (over episodes): 0.00 		Total loss: 0.00	Learning rate (actor): 0.0009	Learning rate (critic): 0.0019
INFO:root:Episode 77	Current Score (average over 20 robots): 0.00	Average Score (over episodes): 0.00 		Total loss: 0.00	Learning rate (actor): 0.0009	Learning rate (critic): 0.0019
INFO:root:Episode 78	Current Score (average over 20 robots): 0.00	Average Score (over episodes): 0.00 		Total loss: 0.00	Learning rate (actor): 0.0009	Learning rate (critic): 0.0019
INFO:root:Episode 79	Current Score (average over 20 robots): 0.00	Average Score (over episodes): 0.00 		Total loss: 0.00	Learning rate (actor): 0.0009	Learning rate (critic): 0.0018
INFO:root:Episode 80	Current Score (average over 20 robots): 0.00	Average Score (over episodes): 0.00 		Total loss: 0.00	Learning rate (actor): 0.0009	Learning rate (critic): 0.0018
INFO:root:Episode 81	Current Score (average over 20 robots): 0.00	Average Score (over episodes): 0.00 		Total loss: 0.00	Learning rate (actor): 0.0009	Learning rate (critic): 0.0018
INFO:root:Episode 82	Current Score (average over 20 robots): 0.00	Average Score (over episodes): 0.00 		Total loss: 0.00	Learning rate (actor): 0.0009	Learning rate (critic): 0.0018
INFO:root:Episode 83	Current Score (average over 20 robots): 0.00	Average Score (over episodes): 0.00 		Total loss: 0.00	Learning rate (actor): 0.0009	Learning rate (critic): 0.0018
INFO:root:Episode 84	Current Score (average over 20 robots): 0.00	Average Score (over episodes): 0.00 		Total loss: 0.00	Learning rate (actor): 0.0009	Learning rate (critic): 0.0018
INFO:root:Episode 85	Current Score (average over 20 robots): 0.00	Average Score (over episodes): 0.00 		Total loss: 0.00	Learning rate (actor): 0.0009	Learning rate (critic): 0.0018
INFO:root:Episode 86	Current Score (average over 20 robots): 0.00	Average Score (over episodes): 0.00 		Total loss: 0.00	Learning rate (actor): 0.0009	Learning rate (critic): 0.0018
INFO:root:Episode 87	Current Score (average over 20 robots): 0.00	Average Score (over episodes): 0.00 		Total loss: 0.00	Learning rate (actor): 0.0009	Learning rate (critic): 0.0018
INFO:root:Episode 88	Current Score (average over 20 robots): 0.00	Average Score (over episodes): 0.00 		Total loss: 0.00	Learning rate (actor): 0.0009	Learning rate (critic): 0.0018
INFO:root:Episode 89	Current Score (average over 20 robots): 0.00	Average Score (over episodes): 0.00 		Total loss: 0.00	Learning rate (actor): 0.0009	Learning rate (critic): 0.0018
INFO:root:Episode 90	Current Score (average over 20 robots): 0.00	Average Score (over episodes): 0.00 		Total loss: 0.00	Learning rate (actor): 0.0009	Learning rate (critic): 0.0018
INFO:root:Episode 91	Current Score (average over 20 robots): 0.00	Average Score (over episodes): 0.00 		Total loss: 0.00	Learning rate (actor): 0.0009	Learning rate (critic): 0.0018
INFO:root:Episode 92	Current Score (average over 20 robots): 0.00	Average Score (over episodes): 0.00 		Total loss: 0.00	Learning rate (actor): 0.0009	Learning rate (critic): 0.0018
INFO:root:Episode 93	Current Score (average over 20 robots): 0.00	Average Score (over episodes): 0.00 		Total loss: 0.00	Learning rate (actor): 0.0009	Learning rate (critic): 0.0018
INFO:root:Episode 94	Current Score (average over 20 robots): 0.00	Average Score (over episodes): 0.00 		Total loss: 0.00	Learning rate (actor): 0.0009	Learning rate (critic): 0.0018
INFO:root:Episode 95	Current Score (average over 20 robots): 0.00	Average Score (over episodes): 0.00 		Total loss: 0.00	Learning rate (actor): 0.0009	Learning rate (critic): 0.0018
INFO:root:Episode 96	Current Score (average over 20 robots): 0.00	Average Score (over episodes): 0.00 		Total loss: 0.00	Learning rate (actor): 0.0009	Learning rate (critic): 0.0018
INFO:root:Episode 97	Current Score (average over 20 robots): 0.00	Average Score (over episodes): 0.00 		Total loss: 0.00	Learning rate (actor): 0.0009	Learning rate (critic): 0.0018
INFO:root:Episode 98	Current Score (average over 20 robots): 0.00	Average Score (over episodes): 0.00 		Total loss: 0.00	Learning rate (actor): 0.0009	Learning rate (critic): 0.0018
INFO:root:Episode 99	Current Score (average over 20 robots): 0.00	Average Score (over episodes): 0.00 		Total loss: 0.00	Learning rate (actor): 0.0009	Learning rate (critic): 0.0018
INFO:root:Episode 100	Current Score (average over 20 robots): 0.00	Average Score (over episodes): 0.00 		Total loss: 0.00	Learning rate (actor): 0.0009	Learning rate (critic): 0.0018
INFO:root:Episode 101	Current Score (average over 20 robots): 0.00	Average Score (over episodes): 0.00 		Total loss: 0.00	Learning rate (actor): 0.0009	Learning rate (critic): 0.0018
INFO:root:Episode 102	Current Score (average over 20 robots): 0.00	Average Score (over episodes): 0.00 		Total loss: 0.00	Learning rate (actor): 0.0009	Learning rate (critic): 0.0018
INFO:root:Episode 103	Current Score (average over 20 robots): 0.00	Average Score (over episodes): 0.00 		Total loss: 0.00	Learning rate (actor): 0.0009	Learning rate (critic): 0.0018
INFO:root:Episode 104	Current Score (average over 20 robots): 0.00	Average Score (over episodes): 0.00 		Total loss: 0.00	Learning rate (actor): 0.0009	Learning rate (critic): 0.0018
INFO:root:Episode 105	Current Score (average over 20 robots): 0.00	Average Score (over episodes): 0.00 		Total loss: 0.00	Learning rate (actor): 0.0009	Learning rate (critic): 0.0018
INFO:root:Episode 106	Current Score (average over 20 robots): 0.00	Average Score (over episodes): 0.00 		Total loss: 0.00	Learning rate (actor): 0.0009	Learning rate (critic): 0.0018
INFO:root:Episode 107	Current Score (average over 20 robots): 0.00	Average Score (over episodes): 0.00 		Total loss: 0.00	Learning rate (actor): 0.0009	Learning rate (critic): 0.0018
INFO:root:Episode 108	Current Score (average over 20 robots): 0.00	Average Score (over episodes): 0.00 		Total loss: 0.00	Learning rate (actor): 0.0009	Learning rate (critic): 0.0018
INFO:root:Episode 109	Current Score (average over 20 robots): 0.00	Average Score (over episodes): 0.00 		Total loss: 0.00	Learning rate (actor): 0.0009	Learning rate (critic): 0.0018
INFO:root:Episode 110	Current Score (average over 20 robots): 0.00	Average Score (over episodes): 0.00 		Total loss: 0.00	Learning rate (actor): 0.0009	Learning rate (critic): 0.0018
INFO:root:Episode 111	Current Score (average over 20 robots): 0.00	Average Score (over episodes): 0.00 		Total loss: 0.00	Learning rate (actor): 0.0009	Learning rate (critic): 0.0018
INFO:root:Episode 112	Current Score (average over 20 robots): 0.00	Average Score (over episodes): 0.00 		Total loss: 0.00	Learning rate (actor): 0.0009	Learning rate (critic): 0.0018
INFO:root:Episode 113	Current Score (average over 20 robots): 0.00	Average Score (over episodes): 0.00 		Total loss: 0.00	Learning rate (actor): 0.0009	Learning rate (critic): 0.0018
INFO:root:Episode 114	Current Score (average over 20 robots): 0.00	Average Score (over episodes): 0.00 		Total loss: 0.00	Learning rate (actor): 0.0009	Learning rate (critic): 0.0018
INFO:root:Episode 115	Current Score (average over 20 robots): 0.00	Average Score (over episodes): 0.00 		Total loss: 0.00	Learning rate (actor): 0.0009	Learning rate (critic): 0.0018
INFO:root:Episode 116	Current Score (average over 20 robots): 0.00	Average Score (over episodes): 0.00 		Total loss: 0.00	Learning rate (actor): 0.0009	Learning rate (critic): 0.0018
INFO:root:Episode 117	Current Score (average over 20 robots): 0.00	Average Score (over episodes): 0.00 		Total loss: 0.00	Learning rate (actor): 0.0009	Learning rate (critic): 0.0018
INFO:root:Episode 118	Current Score (average over 20 robots): 0.00	Average Score (over episodes): 0.00 		Total loss: 0.00	Learning rate (actor): 0.0009	Learning rate (critic): 0.0018
INFO:root:Episode 119	Current Score (average over 20 robots): 0.00	Average Score (over episodes): 0.00 		Total loss: 0.00	Learning rate (actor): 0.0009	Learning rate (critic): 0.0018
INFO:root:Episode 120	Current Score (average over 20 robots): 0.00	Average Score (over episodes): 0.00 		Total loss: 0.00	Learning rate (actor): 0.0009	Learning rate (critic): 0.0018
INFO:root:Episode 121	Current Score (average over 20 robots): 0.00	Average Score (over episodes): 0.00 		Total loss: 0.00	Learning rate (actor): 0.0009	Learning rate (critic): 0.0018
INFO:root:Episode 122	Current Score (average over 20 robots): 0.00	Average Score (over episodes): 0.00 		Total loss: 0.00	Learning rate (actor): 0.0009	Learning rate (critic): 0.0018
INFO:root:Episode 123	Current Score (average over 20 robots): 0.00	Average Score (over episodes): 0.00 		Total loss: 0.00	Learning rate (actor): 0.0009	Learning rate (critic): 0.0018
INFO:root:Episode 124	Current Score (average over 20 robots): 0.00	Average Score (over episodes): 0.00 		Total loss: 0.00	Learning rate (actor): 0.0009	Learning rate (critic): 0.0018
INFO:root:Episode 125	Current Score (average over 20 robots): 0.00	Average Score (over episodes): 0.00 		Total loss: 0.00	Learning rate (actor): 0.0009	Learning rate (critic): 0.0018
INFO:root:Episode 126	Current Score (average over 20 robots): 0.00	Average Score (over episodes): 0.00 		Total loss: 0.00	Learning rate (actor): 0.0009	Learning rate (critic): 0.0018
INFO:root:Episode 127	Current Score (average over 20 robots): 0.00	Average Score (over episodes): 0.00 		Total loss: 0.00	Learning rate (actor): 0.0009	Learning rate (critic): 0.0018
INFO:root:Episode 128	Current Score (average over 20 robots): 0.00	Average Score (over episodes): 0.00 		Total loss: 0.00	Learning rate (actor): 0.0009	Learning rate (critic): 0.0018
INFO:root:Episode 129	Current Score (average over 20 robots): 0.00	Average Score (over episodes): 0.00 		Total loss: 0.00	Learning rate (actor): 0.0009	Learning rate (critic): 0.0018
INFO:root:Episode 130	Current Score (average over 20 robots): 0.00	Average Score (over episodes): 0.00 		Total loss: 0.00	Learning rate (actor): 0.0009	Learning rate (critic): 0.0018
INFO:root:Episode 131	Current Score (average over 20 robots): 0.00	Average Score (over episodes): 0.00 		Total loss: 0.00	Learning rate (actor): 0.0009	Learning rate (critic): 0.0018
INFO:root:Episode 132	Current Score (average over 20 robots): 0.00	Average Score (over episodes): 0.00 		Total loss: 0.00	Learning rate (actor): 0.0009	Learning rate (critic): 0.0018
INFO:root:Episode 133	Current Score (average over 20 robots): 0.00	Average Score (over episodes): 0.00 		Total loss: 0.00	Learning rate (actor): 0.0009	Learning rate (critic): 0.0018
INFO:root:Episode 134	Current Score (average over 20 robots): 0.09	Average Score (over episodes): 0.00 		Total loss: 0.00	Learning rate (actor): 0.0009	Learning rate (critic): 0.0018
INFO:root:Episode 135	Current Score (average over 20 robots): 0.00	Average Score (over episodes): 0.00 		Total loss: 0.00	Learning rate (actor): 0.0009	Learning rate (critic): 0.0017
INFO:root:Episode 136	Current Score (average over 20 robots): 0.00	Average Score (over episodes): 0.00 		Total loss: 0.00	Learning rate (actor): 0.0009	Learning rate (critic): 0.0017
INFO:root:Episode 137	Current Score (average over 20 robots): 0.00	Average Score (over episodes): 0.00 		Total loss: 0.00	Learning rate (actor): 0.0009	Learning rate (critic): 0.0017
INFO:root:Episode 138	Current Score (average over 20 robots): 0.00	Average Score (over episodes): 0.00 		Total loss: 0.00	Learning rate (actor): 0.0009	Learning rate (critic): 0.0017
INFO:root:Episode 139	Current Score (average over 20 robots): 0.00	Average Score (over episodes): 0.00 		Total loss: 0.00	Learning rate (actor): 0.0009	Learning rate (critic): 0.0017
INFO:root:Episode 140	Current Score (average over 20 robots): 0.00	Average Score (over episodes): 0.00 		Total loss: 0.00	Learning rate (actor): 0.0009	Learning rate (critic): 0.0017
INFO:root:Episode 141	Current Score (average over 20 robots): 0.00	Average Score (over episodes): 0.00 		Total loss: 0.00	Learning rate (actor): 0.0009	Learning rate (critic): 0.0017
INFO:root:Episode 142	Current Score (average over 20 robots): 0.00	Average Score (over episodes): 0.00 		Total loss: 0.00	Learning rate (actor): 0.0009	Learning rate (critic): 0.0017
INFO:root:Episode 143	Current Score (average over 20 robots): 0.10	Average Score (over episodes): 0.00 		Total loss: 0.00	Learning rate (actor): 0.0009	Learning rate (critic): 0.0017
INFO:root:Episode 144	Current Score (average over 20 robots): 0.00	Average Score (over episodes): 0.00 		Total loss: 0.00	Learning rate (actor): 0.0009	Learning rate (critic): 0.0017
INFO:root:Episode 145	Current Score (average over 20 robots): 0.00	Average Score (over episodes): 0.00 		Total loss: 0.00	Learning rate (actor): 0.0009	Learning rate (critic): 0.0017
INFO:root:Episode 146	Current Score (average over 20 robots): 0.00	Average Score (over episodes): 0.00 		Total loss: 0.00	Learning rate (actor): 0.0009	Learning rate (critic): 0.0017
INFO:root:Episode 147	Current Score (average over 20 robots): 0.00	Average Score (over episodes): 0.00 		Total loss: 0.00	Learning rate (actor): 0.0009	Learning rate (critic): 0.0017
INFO:root:Episode 148	Current Score (average over 20 robots): 0.00	Average Score (over episodes): 0.00 		Total loss: 0.00	Learning rate (actor): 0.0009	Learning rate (critic): 0.0017
INFO:root:Episode 149	Current Score (average over 20 robots): 0.00	Average Score (over episodes): 0.00 		Total loss: 0.00	Learning rate (actor): 0.0009	Learning rate (critic): 0.0017
INFO:root:Episode 150	Current Score (average over 20 robots): 0.09	Average Score (over episodes): 0.00 		Total loss: 0.00	Learning rate (actor): 0.0009	Learning rate (critic): 0.0017
INFO:root:Episode 151	Current Score (average over 20 robots): 0.00	Average Score (over episodes): 0.00 		Total loss: 0.00	Learning rate (actor): 0.0009	Learning rate (critic): 0.0017
INFO:root:Episode 152	Current Score (average over 20 robots): 0.00	Average Score (over episodes): 0.00 		Total loss: 0.00	Learning rate (actor): 0.0009	Learning rate (critic): 0.0017
INFO:root:Episode 153	Current Score (average over 20 robots): 0.00	Average Score (over episodes): 0.00 		Total loss: 0.00	Learning rate (actor): 0.0009	Learning rate (critic): 0.0017
INFO:root:Episode 154	Current Score (average over 20 robots): 0.00	Average Score (over episodes): 0.00 		Total loss: 0.00	Learning rate (actor): 0.0009	Learning rate (critic): 0.0017
INFO:root:Episode 155	Current Score (average over 20 robots): 0.00	Average Score (over episodes): 0.00 		Total loss: 0.00	Learning rate (actor): 0.0009	Learning rate (critic): 0.0017
INFO:root:Episode 156	Current Score (average over 20 robots): 0.00	Average Score (over episodes): 0.00 		Total loss: 0.00	Learning rate (actor): 0.0009	Learning rate (critic): 0.0017
INFO:root:Episode 157	Current Score (average over 20 robots): 0.00	Average Score (over episodes): 0.00 		Total loss: 0.00	Learning rate (actor): 0.0009	Learning rate (critic): 0.0017
INFO:root:Episode 158	Current Score (average over 20 robots): 0.00	Average Score (over episodes): 0.00 		Total loss: 0.00	Learning rate (actor): 0.0009	Learning rate (critic): 0.0017
INFO:root:Episode 159	Current Score (average over 20 robots): 0.00	Average Score (over episodes): 0.00 		Total loss: 0.00	Learning rate (actor): 0.0009	Learning rate (critic): 0.0017
INFO:root:Episode 160	Current Score (average over 20 robots): 0.00	Average Score (over episodes): 0.00 		Total loss: 0.00	Learning rate (actor): 0.0009	Learning rate (critic): 0.0017
INFO:root:Episode 161	Current Score (average over 20 robots): 0.00	Average Score (over episodes): 0.00 		Total loss: 0.00	Learning rate (actor): 0.0009	Learning rate (critic): 0.0017
INFO:root:Episode 162	Current Score (average over 20 robots): 0.00	Average Score (over episodes): 0.00 		Total loss: 0.00	Learning rate (actor): 0.0009	Learning rate (critic): 0.0017
INFO:root:Episode 163	Current Score (average over 20 robots): 0.09	Average Score (over episodes): 0.00 		Total loss: 0.00	Learning rate (actor): 0.0009	Learning rate (critic): 0.0017
INFO:root:Episode 164	Current Score (average over 20 robots): 0.00	Average Score (over episodes): 0.00 		Total loss: 0.00	Learning rate (actor): 0.0008	Learning rate (critic): 0.0017
INFO:root:Episode 165	Current Score (average over 20 robots): 0.00	Average Score (over episodes): 0.00 		Total loss: 0.00	Learning rate (actor): 0.0008	Learning rate (critic): 0.0017
INFO:root:Episode 166	Current Score (average over 20 robots): 0.00	Average Score (over episodes): 0.00 		Total loss: 0.00	Learning rate (actor): 0.0008	Learning rate (critic): 0.0017
INFO:root:Episode 167	Current Score (average over 20 robots): 0.09	Average Score (over episodes): 0.00 		Total loss: 0.00	Learning rate (actor): 0.0008	Learning rate (critic): 0.0017
INFO:root:Episode 168	Current Score (average over 20 robots): 0.10	Average Score (over episodes): 0.01 		Total loss: 0.00	Learning rate (actor): 0.0008	Learning rate (critic): 0.0017
INFO:root:Episode 169	Current Score (average over 20 robots): 0.00	Average Score (over episodes): 0.01 		Total loss: 0.00	Learning rate (actor): 0.0008	Learning rate (critic): 0.0017
INFO:root:Episode 170	Current Score (average over 20 robots): 0.10	Average Score (over episodes): 0.01 		Total loss: 0.00	Learning rate (actor): 0.0008	Learning rate (critic): 0.0017
INFO:root:Episode 171	Current Score (average over 20 robots): 0.00	Average Score (over episodes): 0.01 		Total loss: 0.00	Learning rate (actor): 0.0008	Learning rate (critic): 0.0017
INFO:root:Episode 172	Current Score (average over 20 robots): 0.10	Average Score (over episodes): 0.01 		Total loss: 0.00	Learning rate (actor): 0.0008	Learning rate (critic): 0.0017
INFO:root:Episode 173	Current Score (average over 20 robots): 0.10	Average Score (over episodes): 0.01 		Total loss: 0.00	Learning rate (actor): 0.0008	Learning rate (critic): 0.0017
INFO:root:Episode 174	Current Score (average over 20 robots): 0.10	Average Score (over episodes): 0.01 		Total loss: 0.00	Learning rate (actor): 0.0008	Learning rate (critic): 0.0017
INFO:root:Episode 175	Current Score (average over 20 robots): 0.00	Average Score (over episodes): 0.01 		Total loss: 0.00	Learning rate (actor): 0.0008	Learning rate (critic): 0.0017
INFO:root:Episode 176	Current Score (average over 20 robots): 0.10	Average Score (over episodes): 0.01 		Total loss: 0.00	Learning rate (actor): 0.0008	Learning rate (critic): 0.0017
INFO:root:Episode 177	Current Score (average over 20 robots): 0.00	Average Score (over episodes): 0.01 		Total loss: 0.00	Learning rate (actor): 0.0008	Learning rate (critic): 0.0017
INFO:root:Episode 178	Current Score (average over 20 robots): 0.00	Average Score (over episodes): 0.01 		Total loss: 0.00	Learning rate (actor): 0.0008	Learning rate (critic): 0.0017
INFO:root:Episode 179	Current Score (average over 20 robots): 0.00	Average Score (over episodes): 0.01 		Total loss: 0.00	Learning rate (actor): 0.0008	Learning rate (critic): 0.0017
INFO:root:Episode 180	Current Score (average over 20 robots): 0.00	Average Score (over episodes): 0.01 		Total loss: 0.00	Learning rate (actor): 0.0008	Learning rate (critic): 0.0017
INFO:root:Episode 181	Current Score (average over 20 robots): 0.00	Average Score (over episodes): 0.01 		Total loss: 0.00	Learning rate (actor): 0.0008	Learning rate (critic): 0.0017
INFO:root:Episode 182	Current Score (average over 20 robots): 0.00	Average Score (over episodes): 0.01 		Total loss: 0.00	Learning rate (actor): 0.0008	Learning rate (critic): 0.0017
INFO:root:Episode 183	Current Score (average over 20 robots): 0.00	Average Score (over episodes): 0.01 		Total loss: 0.00	Learning rate (actor): 0.0008	Learning rate (critic): 0.0017
INFO:root:Episode 184	Current Score (average over 20 robots): 0.00	Average Score (over episodes): 0.01 		Total loss: 0.00	Learning rate (actor): 0.0008	Learning rate (critic): 0.0017
INFO:root:Episode 185	Current Score (average over 20 robots): 0.00	Average Score (over episodes): 0.01 		Total loss: 0.00	Learning rate (actor): 0.0008	Learning rate (critic): 0.0017
INFO:root:Episode 186	Current Score (average over 20 robots): 0.00	Average Score (over episodes): 0.01 		Total loss: 0.00	Learning rate (actor): 0.0008	Learning rate (critic): 0.0017
INFO:root:Episode 187	Current Score (average over 20 robots): 0.00	Average Score (over episodes): 0.01 		Total loss: 0.00	Learning rate (actor): 0.0008	Learning rate (critic): 0.0017
INFO:root:Episode 188	Current Score (average over 20 robots): 0.00	Average Score (over episodes): 0.01 		Total loss: 0.00	Learning rate (actor): 0.0008	Learning rate (critic): 0.0017
INFO:root:Episode 189	Current Score (average over 20 robots): 0.00	Average Score (over episodes): 0.01 		Total loss: 0.00	Learning rate (actor): 0.0008	Learning rate (critic): 0.0017
INFO:root:Episode 190	Current Score (average over 20 robots): 0.00	Average Score (over episodes): 0.01 		Total loss: 0.00	Learning rate (actor): 0.0008	Learning rate (critic): 0.0017
INFO:root:Episode 191	Current Score (average over 20 robots): 0.00	Average Score (over episodes): 0.01 		Total loss: 0.00	Learning rate (actor): 0.0008	Learning rate (critic): 0.0017
INFO:root:Episode 192	Current Score (average over 20 robots): 0.00	Average Score (over episodes): 0.01 		Total loss: 0.00	Learning rate (actor): 0.0008	Learning rate (critic): 0.0017
INFO:root:Episode 193	Current Score (average over 20 robots): 0.00	Average Score (over episodes): 0.01 		Total loss: 0.00	Learning rate (actor): 0.0008	Learning rate (critic): 0.0017
INFO:root:Episode 194	Current Score (average over 20 robots): 0.00	Average Score (over episodes): 0.01 		Total loss: 0.00	Learning rate (actor): 0.0008	Learning rate (critic): 0.0016
INFO:root:Episode 195	Current Score (average over 20 robots): 0.00	Average Score (over episodes): 0.01 		Total loss: 0.00	Learning rate (actor): 0.0008	Learning rate (critic): 0.0016
INFO:root:Episode 196	Current Score (average over 20 robots): 0.00	Average Score (over episodes): 0.01 		Total loss: 0.00	Learning rate (actor): 0.0008	Learning rate (critic): 0.0016
INFO:root:Episode 197	Current Score (average over 20 robots): 0.00	Average Score (over episodes): 0.01 		Total loss: 0.00	Learning rate (actor): 0.0008	Learning rate (critic): 0.0016
INFO:root:Episode 198	Current Score (average over 20 robots): 0.00	Average Score (over episodes): 0.01 		Total loss: 0.00	Learning rate (actor): 0.0008	Learning rate (critic): 0.0016
INFO:root:Episode 199	Current Score (average over 20 robots): 0.00	Average Score (over episodes): 0.01 		Total loss: 0.00	Learning rate (actor): 0.0008	Learning rate (critic): 0.0016
INFO:root:Episode 200	Current Score (average over 20 robots): 0.00	Average Score (over episodes): 0.01 		Total loss: 0.00	Learning rate (actor): 0.0008	Learning rate (critic): 0.0016
INFO:root:Episode 201	Current Score (average over 20 robots): 0.00	Average Score (over episodes): 0.01 		Total loss: 0.00	Learning rate (actor): 0.0008	Learning rate (critic): 0.0016
INFO:root:Episode 202	Current Score (average over 20 robots): 0.00	Average Score (over episodes): 0.01 		Total loss: 0.00	Learning rate (actor): 0.0008	Learning rate (critic): 0.0016
INFO:root:Episode 203	Current Score (average over 20 robots): 0.00	Average Score (over episodes): 0.01 		Total loss: 0.00	Learning rate (actor): 0.0008	Learning rate (critic): 0.0016
INFO:root:Episode 204	Current Score (average over 20 robots): 0.00	Average Score (over episodes): 0.01 		Total loss: 0.00	Learning rate (actor): 0.0008	Learning rate (critic): 0.0016
INFO:root:Episode 205	Current Score (average over 20 robots): 0.00	Average Score (over episodes): 0.01 		Total loss: 0.00	Learning rate (actor): 0.0008	Learning rate (critic): 0.0016
INFO:root:Episode 206	Current Score (average over 20 robots): 0.00	Average Score (over episodes): 0.01 		Total loss: 0.00	Learning rate (actor): 0.0008	Learning rate (critic): 0.0016
INFO:root:Episode 207	Current Score (average over 20 robots): 0.00	Average Score (over episodes): 0.01 		Total loss: 0.00	Learning rate (actor): 0.0008	Learning rate (critic): 0.0016
INFO:root:Episode 208	Current Score (average over 20 robots): 0.00	Average Score (over episodes): 0.01 		Total loss: 0.00	Learning rate (actor): 0.0008	Learning rate (critic): 0.0016
INFO:root:Episode 209	Current Score (average over 20 robots): 0.00	Average Score (over episodes): 0.01 		Total loss: 0.00	Learning rate (actor): 0.0008	Learning rate (critic): 0.0016
INFO:root:Episode 210	Current Score (average over 20 robots): 0.00	Average Score (over episodes): 0.01 		Total loss: 0.00	Learning rate (actor): 0.0008	Learning rate (critic): 0.0016
INFO:root:Episode 211	Current Score (average over 20 robots): 0.00	Average Score (over episodes): 0.01 		Total loss: 0.00	Learning rate (actor): 0.0008	Learning rate (critic): 0.0016
INFO:root:Episode 212	Current Score (average over 20 robots): 0.00	Average Score (over episodes): 0.01 		Total loss: 0.00	Learning rate (actor): 0.0008	Learning rate (critic): 0.0016
INFO:root:Episode 213	Current Score (average over 20 robots): 0.00	Average Score (over episodes): 0.01 		Total loss: 0.00	Learning rate (actor): 0.0008	Learning rate (critic): 0.0016
INFO:root:Episode 214	Current Score (average over 20 robots): 0.00	Average Score (over episodes): 0.01 		Total loss: 0.00	Learning rate (actor): 0.0008	Learning rate (critic): 0.0016
INFO:root:Episode 215	Current Score (average over 20 robots): 0.00	Average Score (over episodes): 0.01 		Total loss: 0.00	Learning rate (actor): 0.0008	Learning rate (critic): 0.0016
INFO:root:Episode 216	Current Score (average over 20 robots): 0.00	Average Score (over episodes): 0.01 		Total loss: 0.00	Learning rate (actor): 0.0008	Learning rate (critic): 0.0016
INFO:root:Episode 217	Current Score (average over 20 robots): 0.00	Average Score (over episodes): 0.01 		Total loss: 0.00	Learning rate (actor): 0.0008	Learning rate (critic): 0.0016
INFO:root:Episode 218	Current Score (average over 20 robots): 0.00	Average Score (over episodes): 0.01 		Total loss: 0.00	Learning rate (actor): 0.0008	Learning rate (critic): 0.0016
INFO:root:Episode 219	Current Score (average over 20 robots): 0.00	Average Score (over episodes): 0.01 		Total loss: 0.00	Learning rate (actor): 0.0008	Learning rate (critic): 0.0016
INFO:root:Episode 220	Current Score (average over 20 robots): 0.00	Average Score (over episodes): 0.01 		Total loss: 0.00	Learning rate (actor): 0.0008	Learning rate (critic): 0.0016
INFO:root:Episode 221	Current Score (average over 20 robots): 0.00	Average Score (over episodes): 0.01 		Total loss: 0.00	Learning rate (actor): 0.0008	Learning rate (critic): 0.0016
INFO:root:Episode 222	Current Score (average over 20 robots): 0.00	Average Score (over episodes): 0.01 		Total loss: 0.00	Learning rate (actor): 0.0008	Learning rate (critic): 0.0016
INFO:root:Episode 223	Current Score (average over 20 robots): 0.00	Average Score (over episodes): 0.01 		Total loss: 0.00	Learning rate (actor): 0.0008	Learning rate (critic): 0.0016
INFO:root:Episode 224	Current Score (average over 20 robots): 0.00	Average Score (over episodes): 0.01 		Total loss: 0.00	Learning rate (actor): 0.0008	Learning rate (critic): 0.0016
INFO:root:Episode 225	Current Score (average over 20 robots): 0.00	Average Score (over episodes): 0.01 		Total loss: 0.00	Learning rate (actor): 0.0008	Learning rate (critic): 0.0016
INFO:root:Episode 226	Current Score (average over 20 robots): 0.00	Average Score (over episodes): 0.01 		Total loss: 0.00	Learning rate (actor): 0.0008	Learning rate (critic): 0.0016
INFO:root:Episode 227	Current Score (average over 20 robots): 0.00	Average Score (over episodes): 0.01 		Total loss: 0.00	Learning rate (actor): 0.0008	Learning rate (critic): 0.0016
INFO:root:Episode 228	Current Score (average over 20 robots): 0.00	Average Score (over episodes): 0.01 		Total loss: 0.00	Learning rate (actor): 0.0008	Learning rate (critic): 0.0016
INFO:root:Episode 229	Current Score (average over 20 robots): 0.00	Average Score (over episodes): 0.01 		Total loss: 0.00	Learning rate (actor): 0.0008	Learning rate (critic): 0.0016
INFO:root:Episode 230	Current Score (average over 20 robots): 0.00	Average Score (over episodes): 0.01 		Total loss: 0.00	Learning rate (actor): 0.0008	Learning rate (critic): 0.0016
INFO:root:Episode 231	Current Score (average over 20 robots): 0.00	Average Score (over episodes): 0.01 		Total loss: 0.00	Learning rate (actor): 0.0008	Learning rate (critic): 0.0016
INFO:root:Episode 232	Current Score (average over 20 robots): 0.00	Average Score (over episodes): 0.01 		Total loss: 0.00	Learning rate (actor): 0.0008	Learning rate (critic): 0.0016
INFO:root:Episode 233	Current Score (average over 20 robots): 0.00	Average Score (over episodes): 0.01 		Total loss: 0.00	Learning rate (actor): 0.0008	Learning rate (critic): 0.0016
INFO:root:Episode 234	Current Score (average over 20 robots): 0.00	Average Score (over episodes): 0.01 		Total loss: 0.00	Learning rate (actor): 0.0008	Learning rate (critic): 0.0016
INFO:root:Episode 235	Current Score (average over 20 robots): 0.00	Average Score (over episodes): 0.01 		Total loss: 0.00	Learning rate (actor): 0.0008	Learning rate (critic): 0.0016
INFO:root:Episode 236	Current Score (average over 20 robots): 0.00	Average Score (over episodes): 0.01 		Total loss: 0.00	Learning rate (actor): 0.0008	Learning rate (critic): 0.0016
INFO:root:Episode 237	Current Score (average over 20 robots): 0.00	Average Score (over episodes): 0.01 		Total loss: 0.00	Learning rate (actor): 0.0008	Learning rate (critic): 0.0016
INFO:root:Episode 238	Current Score (average over 20 robots): 0.00	Average Score (over episodes): 0.01 		Total loss: 0.00	Learning rate (actor): 0.0008	Learning rate (critic): 0.0016
INFO:root:Episode 239	Current Score (average over 20 robots): 0.00	Average Score (over episodes): 0.01 		Total loss: 0.00	Learning rate (actor): 0.0008	Learning rate (critic): 0.0016
INFO:root:Episode 240	Current Score (average over 20 robots): 0.00	Average Score (over episodes): 0.01 		Total loss: 0.00	Learning rate (actor): 0.0008	Learning rate (critic): 0.0016
INFO:root:Episode 241	Current Score (average over 20 robots): 0.00	Average Score (over episodes): 0.01 		Total loss: 0.00	Learning rate (actor): 0.0008	Learning rate (critic): 0.0016
INFO:root:Episode 242	Current Score (average over 20 robots): 0.00	Average Score (over episodes): 0.01 		Total loss: 0.00	Learning rate (actor): 0.0008	Learning rate (critic): 0.0016
INFO:root:Episode 243	Current Score (average over 20 robots): 0.00	Average Score (over episodes): 0.01 		Total loss: 0.00	Learning rate (actor): 0.0008	Learning rate (critic): 0.0016
INFO:root:Episode 244	Current Score (average over 20 robots): 0.00	Average Score (over episodes): 0.01 		Total loss: 0.00	Learning rate (actor): 0.0008	Learning rate (critic): 0.0016
INFO:root:Episode 245	Current Score (average over 20 robots): 0.00	Average Score (over episodes): 0.01 		Total loss: 0.00	Learning rate (actor): 0.0008	Learning rate (critic): 0.0016
INFO:root:Episode 246	Current Score (average over 20 robots): 0.00	Average Score (over episodes): 0.01 		Total loss: 0.00	Learning rate (actor): 0.0008	Learning rate (critic): 0.0016
INFO:root:Episode 247	Current Score (average over 20 robots): 0.00	Average Score (over episodes): 0.01 		Total loss: 0.00	Learning rate (actor): 0.0008	Learning rate (critic): 0.0016
INFO:root:Episode 248	Current Score (average over 20 robots): 0.00	Average Score (over episodes): 0.01 		Total loss: 0.00	Learning rate (actor): 0.0008	Learning rate (critic): 0.0016
INFO:root:Episode 249	Current Score (average over 20 robots): 0.00	Average Score (over episodes): 0.01 		Total loss: 0.00	Learning rate (actor): 0.0008	Learning rate (critic): 0.0016
INFO:root:Episode 250	Current Score (average over 20 robots): 0.00	Average Score (over episodes): 0.01 		Total loss: 0.00	Learning rate (actor): 0.0008	Learning rate (critic): 0.0016
INFO:root:Episode 251	Current Score (average over 20 robots): 0.00	Average Score (over episodes): 0.01 		Total loss: 0.00	Learning rate (actor): 0.0008	Learning rate (critic): 0.0016
INFO:root:Episode 252	Current Score (average over 20 robots): 0.00	Average Score (over episodes): 0.01 		Total loss: 0.00	Learning rate (actor): 0.0008	Learning rate (critic): 0.0016
INFO:root:Episode 253	Current Score (average over 20 robots): 0.00	Average Score (over episodes): 0.01 		Total loss: 0.00	Learning rate (actor): 0.0008	Learning rate (critic): 0.0016
INFO:root:Episode 254	Current Score (average over 20 robots): 0.00	Average Score (over episodes): 0.01 		Total loss: 0.00	Learning rate (actor): 0.0008	Learning rate (critic): 0.0016
INFO:root:Episode 255	Current Score (average over 20 robots): 0.00	Average Score (over episodes): 0.01 		Total loss: 0.00	Learning rate (actor): 0.0008	Learning rate (critic): 0.0016
INFO:root:Episode 256	Current Score (average over 20 robots): 0.00	Average Score (over episodes): 0.01 		Total loss: 0.00	Learning rate (actor): 0.0008	Learning rate (critic): 0.0015
INFO:root:Episode 257	Current Score (average over 20 robots): 0.00	Average Score (over episodes): 0.01 		Total loss: 0.00	Learning rate (actor): 0.0008	Learning rate (critic): 0.0015
INFO:root:Episode 258	Current Score (average over 20 robots): 0.00	Average Score (over episodes): 0.01 		Total loss: 0.00	Learning rate (actor): 0.0008	Learning rate (critic): 0.0015
INFO:root:Episode 259	Current Score (average over 20 robots): 0.00	Average Score (over episodes): 0.01 		Total loss: 0.00	Learning rate (actor): 0.0008	Learning rate (critic): 0.0015
INFO:root:Episode 260	Current Score (average over 20 robots): 0.00	Average Score (over episodes): 0.01 		Total loss: 0.00	Learning rate (actor): 0.0008	Learning rate (critic): 0.0015
INFO:root:Episode 261	Current Score (average over 20 robots): 0.00	Average Score (over episodes): 0.01 		Total loss: 0.00	Learning rate (actor): 0.0008	Learning rate (critic): 0.0015
INFO:root:Episode 262	Current Score (average over 20 robots): 0.00	Average Score (over episodes): 0.01 		Total loss: 0.00	Learning rate (actor): 0.0008	Learning rate (critic): 0.0015
INFO:root:Episode 263	Current Score (average over 20 robots): 0.00	Average Score (over episodes): 0.01 		Total loss: 0.00	Learning rate (actor): 0.0008	Learning rate (critic): 0.0015
INFO:root:Episode 264	Current Score (average over 20 robots): 0.00	Average Score (over episodes): 0.01 		Total loss: 0.00	Learning rate (actor): 0.0008	Learning rate (critic): 0.0015
INFO:root:Episode 265	Current Score (average over 20 robots): 0.00	Average Score (over episodes): 0.01 		Total loss: 0.00	Learning rate (actor): 0.0008	Learning rate (critic): 0.0015
INFO:root:Episode 266	Current Score (average over 20 robots): 0.00	Average Score (over episodes): 0.01 		Total loss: 0.00	Learning rate (actor): 0.0008	Learning rate (critic): 0.0015
INFO:root:Episode 267	Current Score (average over 20 robots): 0.00	Average Score (over episodes): 0.01 		Total loss: 0.00	Learning rate (actor): 0.0008	Learning rate (critic): 0.0015
INFO:root:Episode 268	Current Score (average over 20 robots): 0.00	Average Score (over episodes): 0.01 		Total loss: 0.00	Learning rate (actor): 0.0008	Learning rate (critic): 0.0015
INFO:root:Episode 269	Current Score (average over 20 robots): 0.00	Average Score (over episodes): 0.01 		Total loss: 0.00	Learning rate (actor): 0.0008	Learning rate (critic): 0.0015
INFO:root:Episode 270	Current Score (average over 20 robots): 0.00	Average Score (over episodes): 0.00 		Total loss: 0.00	Learning rate (actor): 0.0008	Learning rate (critic): 0.0015
INFO:root:Episode 271	Current Score (average over 20 robots): 0.00	Average Score (over episodes): 0.00 		Total loss: 0.00	Learning rate (actor): 0.0008	Learning rate (critic): 0.0015
INFO:root:Episode 272	Current Score (average over 20 robots): 0.00	Average Score (over episodes): 0.00 		Total loss: 0.00	Learning rate (actor): 0.0008	Learning rate (critic): 0.0015
INFO:root:Episode 273	Current Score (average over 20 robots): 0.00	Average Score (over episodes): 0.00 		Total loss: 0.00	Learning rate (actor): 0.0008	Learning rate (critic): 0.0015
INFO:root:Episode 274	Current Score (average over 20 robots): 0.00	Average Score (over episodes): 0.00 		Total loss: 0.00	Learning rate (actor): 0.0008	Learning rate (critic): 0.0015
INFO:root:Episode 275	Current Score (average over 20 robots): 0.00	Average Score (over episodes): 0.00 		Total loss: 0.00	Learning rate (actor): 0.0008	Learning rate (critic): 0.0015
INFO:root:Episode 276	Current Score (average over 20 robots): 0.00	Average Score (over episodes): 0.00 		Total loss: 0.00	Learning rate (actor): 0.0008	Learning rate (critic): 0.0015
INFO:root:Episode 277	Current Score (average over 20 robots): 0.00	Average Score (over episodes): 0.00 		Total loss: 0.00	Learning rate (actor): 0.0008	Learning rate (critic): 0.0015
INFO:root:Episode 278	Current Score (average over 20 robots): 0.00	Average Score (over episodes): 0.00 		Total loss: 0.00	Learning rate (actor): 0.0008	Learning rate (critic): 0.0015
INFO:root:Episode 279	Current Score (average over 20 robots): 0.00	Average Score (over episodes): 0.00 		Total loss: 0.00	Learning rate (actor): 0.0008	Learning rate (critic): 0.0015
INFO:root:Episode 280	Current Score (average over 20 robots): 0.00	Average Score (over episodes): 0.00 		Total loss: 0.00	Learning rate (actor): 0.0008	Learning rate (critic): 0.0015
INFO:root:Episode 281	Current Score (average over 20 robots): 0.00	Average Score (over episodes): 0.00 		Total loss: 0.00	Learning rate (actor): 0.0008	Learning rate (critic): 0.0015
INFO:root:Episode 282	Current Score (average over 20 robots): 0.00	Average Score (over episodes): 0.00 		Total loss: 0.00	Learning rate (actor): 0.0008	Learning rate (critic): 0.0015
INFO:root:Episode 283	Current Score (average over 20 robots): 0.00	Average Score (over episodes): 0.00 		Total loss: 0.00	Learning rate (actor): 0.0008	Learning rate (critic): 0.0015
INFO:root:Episode 284	Current Score (average over 20 robots): 0.00	Average Score (over episodes): 0.00 		Total loss: 0.00	Learning rate (actor): 0.0008	Learning rate (critic): 0.0015
INFO:root:Episode 285	Current Score (average over 20 robots): 0.00	Average Score (over episodes): 0.00 		Total loss: 0.00	Learning rate (actor): 0.0008	Learning rate (critic): 0.0015
INFO:root:Episode 286	Current Score (average over 20 robots): 0.00	Average Score (over episodes): 0.00 		Total loss: 0.00	Learning rate (actor): 0.0008	Learning rate (critic): 0.0015
INFO:root:Episode 287	Current Score (average over 20 robots): 0.00	Average Score (over episodes): 0.00 		Total loss: 0.00	Learning rate (actor): 0.0008	Learning rate (critic): 0.0015
INFO:root:Episode 288	Current Score (average over 20 robots): 0.00	Average Score (over episodes): 0.00 		Total loss: 0.00	Learning rate (actor): 0.0008	Learning rate (critic): 0.0015
INFO:root:Episode 289	Current Score (average over 20 robots): 0.00	Average Score (over episodes): 0.00 		Total loss: 0.00	Learning rate (actor): 0.0007	Learning rate (critic): 0.0015
INFO:root:Episode 290	Current Score (average over 20 robots): 0.00	Average Score (over episodes): 0.00 		Total loss: 0.00	Learning rate (actor): 0.0007	Learning rate (critic): 0.0015
INFO:root:Episode 291	Current Score (average over 20 robots): 0.00	Average Score (over episodes): 0.00 		Total loss: 0.00	Learning rate (actor): 0.0007	Learning rate (critic): 0.0015
INFO:root:Episode 292	Current Score (average over 20 robots): 0.00	Average Score (over episodes): 0.00 		Total loss: 0.00	Learning rate (actor): 0.0007	Learning rate (critic): 0.0015
INFO:root:Episode 293	Current Score (average over 20 robots): 0.00	Average Score (over episodes): 0.00 		Total loss: 0.00	Learning rate (actor): 0.0007	Learning rate (critic): 0.0015
INFO:root:Episode 294	Current Score (average over 20 robots): 0.00	Average Score (over episodes): 0.00 		Total loss: 0.00	Learning rate (actor): 0.0007	Learning rate (critic): 0.0015
INFO:root:Episode 295	Current Score (average over 20 robots): 0.00	Average Score (over episodes): 0.00 		Total loss: 0.00	Learning rate (actor): 0.0007	Learning rate (critic): 0.0015
INFO:root:Episode 296	Current Score (average over 20 robots): 0.00	Average Score (over episodes): 0.00 		Total loss: 0.00	Learning rate (actor): 0.0007	Learning rate (critic): 0.0015
INFO:root:Episode 297	Current Score (average over 20 robots): 0.00	Average Score (over episodes): 0.00 		Total loss: 0.00	Learning rate (actor): 0.0007	Learning rate (critic): 0.0015
INFO:root:Episode 298	Current Score (average over 20 robots): 0.00	Average Score (over episodes): 0.00 		Total loss: 0.00	Learning rate (actor): 0.0007	Learning rate (critic): 0.0015
INFO:root:Episode 299	Current Score (average over 20 robots): 0.00	Average Score (over episodes): 0.00 		Total loss: 0.00	Learning rate (actor): 0.0007	Learning rate (critic): 0.0015
