INFO:unityagents:
'Academy' started successfully!
Unity Academy name: Academy
        Number of Brains: 1
        Number of External Brains : 1
        Lesson number : 0
        Reset Parameters :
		goal_speed -> 1.0
		goal_size -> 5.0
Unity brain name: ReacherBrain
        Number of Visual Observations (per agent): 0
        Vector Observation space type: continuous
        Vector Observation space size (per agent): 33
        Number of stacked Vector Observation: 1
        Vector Action space type: continuous
        Vector Action space size (per agent): 4
        Vector Action descriptions: , , , 
INFO:gym_unity:20 agents within environment.
INFO:root:Configuration: {'general_params': {'seed': 0, 'num_of_episodes': 2000, 'mode': {'train': 1, 'test': 0}}, 'agent_params': {'state_size': 33, 'action_size': 4, 'learning_rate_actor': 0.001, 'learning_rate_policy': 0.001, 'learning_rate_critic': 0.002, 'learning_rate_value_fn': 0.002, 'gamma': 0.99, 'tau': 0.001, 'ppo_epochs': 10, 'buf_params': {'buffer_size': 100000, 'batch_size': 64}, 'nn_params': {'nn_actor': {'l1': [33, 128], 'l2': [128, 64], 'l3': [64, 4]}, 'nn_critic': {'l1': [37, 128], 'l2': [128, 256], 'l3': [256, 128], 'l4': [128, 32], 'l5': [32, 1]}, 'nn_policy': {'l1': [-1, 128], 'l2': [128, 64], 'l3': [64, -1]}, 'nn_value_function': {'l1': [-1, 128], 'l2': [128, 256], 'l3': [256, 128], 'l4': [128, 32], 'l5': [32, 1]}}}, 'trainer_params': {'learning_rate_decay': 0.999, 't_max': 1000, 'results_path': '../results/', 'model_path': '../models/'}, 'env_params': {'path': '../Reacher_Linux_20/Reacher.x86_64', 'seed': 0, 'worker_id': 0, 'visual_mode': False, 'multiagent_mode': True}}
INFO:root:Training:
INFO:root:Episode 1	Current Score (average over 20 robots): 0.72	Average Score (over episodes): 0.72 		Total loss: 0.00	Learning rate (actor): 0.0010	Learning rate (critic): 0.0020
INFO:root:Episode 2	Current Score (average over 20 robots): 0.87	Average Score (over episodes): 0.80 		Total loss: 0.00	Learning rate (actor): 0.0010	Learning rate (critic): 0.0020
INFO:root:Episode 3	Current Score (average over 20 robots): 0.82	Average Score (over episodes): 0.81 		Total loss: 0.00	Learning rate (actor): 0.0010	Learning rate (critic): 0.0020
INFO:root:Episode 4	Current Score (average over 20 robots): 1.34	Average Score (over episodes): 0.94 		Total loss: 0.00	Learning rate (actor): 0.0010	Learning rate (critic): 0.0020
INFO:root:Episode 5	Current Score (average over 20 robots): 1.40	Average Score (over episodes): 1.03 		Total loss: 0.00	Learning rate (actor): 0.0010	Learning rate (critic): 0.0020
INFO:root:Episode 6	Current Score (average over 20 robots): 1.45	Average Score (over episodes): 1.10 		Total loss: 0.00	Learning rate (actor): 0.0010	Learning rate (critic): 0.0020
INFO:root:Episode 7	Current Score (average over 20 robots): 1.67	Average Score (over episodes): 1.18 		Total loss: 0.00	Learning rate (actor): 0.0010	Learning rate (critic): 0.0020
INFO:root:Episode 8	Current Score (average over 20 robots): 1.44	Average Score (over episodes): 1.22 		Total loss: 0.00	Learning rate (actor): 0.0010	Learning rate (critic): 0.0020
INFO:root:Episode 9	Current Score (average over 20 robots): 1.56	Average Score (over episodes): 1.25 		Total loss: 0.00	Learning rate (actor): 0.0010	Learning rate (critic): 0.0020
INFO:root:Episode 10	Current Score (average over 20 robots): 2.17	Average Score (over episodes): 1.35 		Total loss: 0.00	Learning rate (actor): 0.0010	Learning rate (critic): 0.0020
INFO:root:Episode 11	Current Score (average over 20 robots): 1.65	Average Score (over episodes): 1.37 		Total loss: 0.00	Learning rate (actor): 0.0010	Learning rate (critic): 0.0020
INFO:root:Episode 12	Current Score (average over 20 robots): 2.46	Average Score (over episodes): 1.46 		Total loss: 0.00	Learning rate (actor): 0.0010	Learning rate (critic): 0.0020
INFO:root:Episode 13	Current Score (average over 20 robots): 2.39	Average Score (over episodes): 1.54 		Total loss: 0.00	Learning rate (actor): 0.0010	Learning rate (critic): 0.0020
INFO:root:Episode 14	Current Score (average over 20 robots): 5.53	Average Score (over episodes): 1.82 		Total loss: 0.00	Learning rate (actor): 0.0010	Learning rate (critic): 0.0020
INFO:root:Episode 15	Current Score (average over 20 robots): 6.30	Average Score (over episodes): 2.12 		Total loss: 0.00	Learning rate (actor): 0.0010	Learning rate (critic): 0.0020
INFO:root:Episode 16	Current Score (average over 20 robots): 8.49	Average Score (over episodes): 2.52 		Total loss: 0.00	Learning rate (actor): 0.0010	Learning rate (critic): 0.0020
INFO:root:Episode 17	Current Score (average over 20 robots): 9.46	Average Score (over episodes): 2.93 		Total loss: 0.00	Learning rate (actor): 0.0010	Learning rate (critic): 0.0020
INFO:root:Episode 18	Current Score (average over 20 robots): 13.48	Average Score (over episodes): 3.51 		Total loss: 0.00	Learning rate (actor): 0.0010	Learning rate (critic): 0.0020
INFO:root:Episode 19	Current Score (average over 20 robots): 18.70	Average Score (over episodes): 4.31 		Total loss: 0.00	Learning rate (actor): 0.0010	Learning rate (critic): 0.0020
INFO:root:Episode 20	Current Score (average over 20 robots): 21.42	Average Score (over episodes): 5.17 		Total loss: 0.00	Learning rate (actor): 0.0010	Learning rate (critic): 0.0020
INFO:root:Episode 21	Current Score (average over 20 robots): 28.85	Average Score (over episodes): 6.30 		Total loss: 0.00	Learning rate (actor): 0.0010	Learning rate (critic): 0.0020
INFO:root:Episode 22	Current Score (average over 20 robots): 27.94	Average Score (over episodes): 7.28 		Total loss: 0.00	Learning rate (actor): 0.0010	Learning rate (critic): 0.0020
INFO:root:Episode 23	Current Score (average over 20 robots): 32.36	Average Score (over episodes): 8.37 		Total loss: 0.00	Learning rate (actor): 0.0010	Learning rate (critic): 0.0020
INFO:root:Episode 24	Current Score (average over 20 robots): 34.02	Average Score (over episodes): 9.44 		Total loss: 0.00	Learning rate (actor): 0.0010	Learning rate (critic): 0.0020
INFO:root:Episode 25	Current Score (average over 20 robots): 34.95	Average Score (over episodes): 10.46 		Total loss: 0.00	Learning rate (actor): 0.0010	Learning rate (critic): 0.0020
INFO:root:Episode 26	Current Score (average over 20 robots): 36.89	Average Score (over episodes): 11.48 		Total loss: 0.00	Learning rate (actor): 0.0010	Learning rate (critic): 0.0020
INFO:root:Episode 27	Current Score (average over 20 robots): 37.74	Average Score (over episodes): 12.45 		Total loss: 0.00	Learning rate (actor): 0.0010	Learning rate (critic): 0.0019
INFO:root:Episode 28	Current Score (average over 20 robots): 37.90	Average Score (over episodes): 13.36 		Total loss: 0.00	Learning rate (actor): 0.0010	Learning rate (critic): 0.0019
INFO:root:Episode 29	Current Score (average over 20 robots): 35.68	Average Score (over episodes): 14.13 		Total loss: 0.00	Learning rate (actor): 0.0010	Learning rate (critic): 0.0019
INFO:root:Episode 30	Current Score (average over 20 robots): 35.11	Average Score (over episodes): 14.83 		Total loss: 0.00	Learning rate (actor): 0.0010	Learning rate (critic): 0.0019
INFO:root:Episode 31	Current Score (average over 20 robots): 37.75	Average Score (over episodes): 15.57 		Total loss: 0.00	Learning rate (actor): 0.0010	Learning rate (critic): 0.0019
INFO:root:Episode 32	Current Score (average over 20 robots): 38.79	Average Score (over episodes): 16.29 		Total loss: 0.00	Learning rate (actor): 0.0010	Learning rate (critic): 0.0019
INFO:root:Episode 33	Current Score (average over 20 robots): 38.70	Average Score (over episodes): 16.97 		Total loss: 0.00	Learning rate (actor): 0.0010	Learning rate (critic): 0.0019
INFO:root:Episode 34	Current Score (average over 20 robots): 38.06	Average Score (over episodes): 17.59 		Total loss: 0.00	Learning rate (actor): 0.0010	Learning rate (critic): 0.0019
INFO:root:Episode 35	Current Score (average over 20 robots): 37.56	Average Score (over episodes): 18.16 		Total loss: 0.00	Learning rate (actor): 0.0010	Learning rate (critic): 0.0019
INFO:root:Episode 36	Current Score (average over 20 robots): 39.14	Average Score (over episodes): 18.74 		Total loss: 0.00	Learning rate (actor): 0.0010	Learning rate (critic): 0.0019
INFO:root:Episode 37	Current Score (average over 20 robots): 38.48	Average Score (over episodes): 19.28 		Total loss: 0.00	Learning rate (actor): 0.0010	Learning rate (critic): 0.0019
INFO:root:Episode 38	Current Score (average over 20 robots): 39.08	Average Score (over episodes): 19.80 		Total loss: 0.00	Learning rate (actor): 0.0010	Learning rate (critic): 0.0019
INFO:root:Episode 39	Current Score (average over 20 robots): 37.13	Average Score (over episodes): 20.24 		Total loss: 0.00	Learning rate (actor): 0.0010	Learning rate (critic): 0.0019
INFO:root:Episode 40	Current Score (average over 20 robots): 37.73	Average Score (over episodes): 20.68 		Total loss: 0.00	Learning rate (actor): 0.0010	Learning rate (critic): 0.0019
INFO:root:Episode 41	Current Score (average over 20 robots): 38.31	Average Score (over episodes): 21.11 		Total loss: 0.00	Learning rate (actor): 0.0010	Learning rate (critic): 0.0019
INFO:root:Episode 42	Current Score (average over 20 robots): 39.20	Average Score (over episodes): 21.54 		Total loss: 0.00	Learning rate (actor): 0.0010	Learning rate (critic): 0.0019
INFO:root:Episode 43	Current Score (average over 20 robots): 38.32	Average Score (over episodes): 21.93 		Total loss: 0.00	Learning rate (actor): 0.0010	Learning rate (critic): 0.0019
INFO:root:Episode 44	Current Score (average over 20 robots): 39.10	Average Score (over episodes): 22.32 		Total loss: 0.00	Learning rate (actor): 0.0010	Learning rate (critic): 0.0019
INFO:root:Episode 45	Current Score (average over 20 robots): 39.06	Average Score (over episodes): 22.69 		Total loss: 0.00	Learning rate (actor): 0.0010	Learning rate (critic): 0.0019
INFO:root:Episode 46	Current Score (average over 20 robots): 39.38	Average Score (over episodes): 23.06 		Total loss: 0.00	Learning rate (actor): 0.0010	Learning rate (critic): 0.0019
INFO:root:Episode 47	Current Score (average over 20 robots): 39.30	Average Score (over episodes): 23.40 		Total loss: 0.00	Learning rate (actor): 0.0010	Learning rate (critic): 0.0019
INFO:root:Episode 48	Current Score (average over 20 robots): 39.23	Average Score (over episodes): 23.73 		Total loss: 0.00	Learning rate (actor): 0.0010	Learning rate (critic): 0.0019
INFO:root:Episode 49	Current Score (average over 20 robots): 39.15	Average Score (over episodes): 24.05 		Total loss: 0.00	Learning rate (actor): 0.0010	Learning rate (critic): 0.0019
INFO:root:Episode 50	Current Score (average over 20 robots): 38.86	Average Score (over episodes): 24.34 		Total loss: 0.00	Learning rate (actor): 0.0010	Learning rate (critic): 0.0019
INFO:root:Episode 51	Current Score (average over 20 robots): 37.73	Average Score (over episodes): 24.61 		Total loss: 0.00	Learning rate (actor): 0.0010	Learning rate (critic): 0.0019
INFO:root:Episode 52	Current Score (average over 20 robots): 39.17	Average Score (over episodes): 24.89 		Total loss: 0.00	Learning rate (actor): 0.0010	Learning rate (critic): 0.0019
INFO:root:Episode 53	Current Score (average over 20 robots): 38.69	Average Score (over episodes): 25.15 		Total loss: 0.00	Learning rate (actor): 0.0009	Learning rate (critic): 0.0019
INFO:root:Episode 54	Current Score (average over 20 robots): 39.11	Average Score (over episodes): 25.40 		Total loss: 0.00	Learning rate (actor): 0.0009	Learning rate (critic): 0.0019
INFO:root:Episode 55	Current Score (average over 20 robots): 36.07	Average Score (over episodes): 25.60 		Total loss: 0.00	Learning rate (actor): 0.0009	Learning rate (critic): 0.0019
INFO:root:Episode 56	Current Score (average over 20 robots): 38.72	Average Score (over episodes): 25.83 		Total loss: 0.00	Learning rate (actor): 0.0009	Learning rate (critic): 0.0019
INFO:root:Episode 57	Current Score (average over 20 robots): 39.22	Average Score (over episodes): 26.07 		Total loss: 0.00	Learning rate (actor): 0.0009	Learning rate (critic): 0.0019
INFO:root:Episode 58	Current Score (average over 20 robots): 39.18	Average Score (over episodes): 26.29 		Total loss: 0.00	Learning rate (actor): 0.0009	Learning rate (critic): 0.0019
INFO:root:Episode 59	Current Score (average over 20 robots): 36.12	Average Score (over episodes): 26.46 		Total loss: 0.00	Learning rate (actor): 0.0009	Learning rate (critic): 0.0019
INFO:root:Episode 60	Current Score (average over 20 robots): 38.40	Average Score (over episodes): 26.66 		Total loss: 0.00	Learning rate (actor): 0.0009	Learning rate (critic): 0.0019
INFO:root:Episode 61	Current Score (average over 20 robots): 38.92	Average Score (over episodes): 26.86 		Total loss: 0.00	Learning rate (actor): 0.0009	Learning rate (critic): 0.0019
INFO:root:Episode 62	Current Score (average over 20 robots): 38.67	Average Score (over episodes): 27.05 		Total loss: 0.00	Learning rate (actor): 0.0009	Learning rate (critic): 0.0019
INFO:root:Episode 63	Current Score (average over 20 robots): 38.45	Average Score (over episodes): 27.23 		Total loss: 0.00	Learning rate (actor): 0.0009	Learning rate (critic): 0.0019
INFO:root:Episode 64	Current Score (average over 20 robots): 38.95	Average Score (over episodes): 27.41 		Total loss: 0.00	Learning rate (actor): 0.0009	Learning rate (critic): 0.0019
INFO:root:Episode 65	Current Score (average over 20 robots): 37.56	Average Score (over episodes): 27.57 		Total loss: 0.00	Learning rate (actor): 0.0009	Learning rate (critic): 0.0019
INFO:root:Episode 66	Current Score (average over 20 robots): 38.76	Average Score (over episodes): 27.74 		Total loss: 0.00	Learning rate (actor): 0.0009	Learning rate (critic): 0.0019
INFO:root:Episode 67	Current Score (average over 20 robots): 38.87	Average Score (over episodes): 27.91 		Total loss: 0.00	Learning rate (actor): 0.0009	Learning rate (critic): 0.0019
INFO:root:Episode 68	Current Score (average over 20 robots): 38.94	Average Score (over episodes): 28.07 		Total loss: 0.00	Learning rate (actor): 0.0009	Learning rate (critic): 0.0019
INFO:root:Episode 69	Current Score (average over 20 robots): 39.17	Average Score (over episodes): 28.23 		Total loss: 0.00	Learning rate (actor): 0.0009	Learning rate (critic): 0.0019
INFO:root:Episode 70	Current Score (average over 20 robots): 39.13	Average Score (over episodes): 28.39 		Total loss: 0.00	Learning rate (actor): 0.0009	Learning rate (critic): 0.0019
INFO:root:Episode 71	Current Score (average over 20 robots): 39.20	Average Score (over episodes): 28.54 		Total loss: 0.00	Learning rate (actor): 0.0009	Learning rate (critic): 0.0019
INFO:root:Episode 72	Current Score (average over 20 robots): 38.96	Average Score (over episodes): 28.68 		Total loss: 0.00	Learning rate (actor): 0.0009	Learning rate (critic): 0.0019
INFO:root:Episode 73	Current Score (average over 20 robots): 38.84	Average Score (over episodes): 28.82 		Total loss: 0.00	Learning rate (actor): 0.0009	Learning rate (critic): 0.0019
INFO:root:Episode 74	Current Score (average over 20 robots): 38.97	Average Score (over episodes): 28.96 		Total loss: 0.00	Learning rate (actor): 0.0009	Learning rate (critic): 0.0019
INFO:root:Episode 75	Current Score (average over 20 robots): 37.94	Average Score (over episodes): 29.08 		Total loss: 0.00	Learning rate (actor): 0.0009	Learning rate (critic): 0.0019
INFO:root:Episode 76	Current Score (average over 20 robots): 39.03	Average Score (over episodes): 29.21 		Total loss: 0.00	Learning rate (actor): 0.0009	Learning rate (critic): 0.0019
INFO:root:Episode 77	Current Score (average over 20 robots): 38.99	Average Score (over episodes): 29.34 		Total loss: 0.00	Learning rate (actor): 0.0009	Learning rate (critic): 0.0019
INFO:root:Episode 78	Current Score (average over 20 robots): 38.28	Average Score (over episodes): 29.45 		Total loss: 0.00	Learning rate (actor): 0.0009	Learning rate (critic): 0.0019
INFO:root:Episode 79	Current Score (average over 20 robots): 38.95	Average Score (over episodes): 29.57 		Total loss: 0.00	Learning rate (actor): 0.0009	Learning rate (critic): 0.0018
INFO:root:Episode 80	Current Score (average over 20 robots): 39.06	Average Score (over episodes): 29.69 		Total loss: 0.00	Learning rate (actor): 0.0009	Learning rate (critic): 0.0018
INFO:root:Episode 81	Current Score (average over 20 robots): 37.11	Average Score (over episodes): 29.78 		Total loss: 0.00	Learning rate (actor): 0.0009	Learning rate (critic): 0.0018
INFO:root:Episode 82	Current Score (average over 20 robots): 37.38	Average Score (over episodes): 29.87 		Total loss: 0.00	Learning rate (actor): 0.0009	Learning rate (critic): 0.0018
INFO:root:Episode 83	Current Score (average over 20 robots): 38.93	Average Score (over episodes): 29.98 		Total loss: 0.00	Learning rate (actor): 0.0009	Learning rate (critic): 0.0018
INFO:root:Episode 84	Current Score (average over 20 robots): 39.38	Average Score (over episodes): 30.10 		Total loss: 0.00	Learning rate (actor): 0.0009	Learning rate (critic): 0.0018
INFO:root:Episode 85	Current Score (average over 20 robots): 39.34	Average Score (over episodes): 30.20 		Total loss: 0.00	Learning rate (actor): 0.0009	Learning rate (critic): 0.0018
INFO:root:Episode 86	Current Score (average over 20 robots): 39.27	Average Score (over episodes): 30.31 		Total loss: 0.00	Learning rate (actor): 0.0009	Learning rate (critic): 0.0018
INFO:root:Episode 87	Current Score (average over 20 robots): 37.95	Average Score (over episodes): 30.40 		Total loss: 0.00	Learning rate (actor): 0.0009	Learning rate (critic): 0.0018
INFO:root:Episode 88	Current Score (average over 20 robots): 39.36	Average Score (over episodes): 30.50 		Total loss: 0.00	Learning rate (actor): 0.0009	Learning rate (critic): 0.0018
INFO:root:Episode 89	Current Score (average over 20 robots): 38.87	Average Score (over episodes): 30.59 		Total loss: 0.00	Learning rate (actor): 0.0009	Learning rate (critic): 0.0018
INFO:root:Episode 90	Current Score (average over 20 robots): 39.43	Average Score (over episodes): 30.69 		Total loss: 0.00	Learning rate (actor): 0.0009	Learning rate (critic): 0.0018
INFO:root:Episode 91	Current Score (average over 20 robots): 39.40	Average Score (over episodes): 30.79 		Total loss: 0.00	Learning rate (actor): 0.0009	Learning rate (critic): 0.0018
INFO:root:Episode 92	Current Score (average over 20 robots): 39.31	Average Score (over episodes): 30.88 		Total loss: 0.00	Learning rate (actor): 0.0009	Learning rate (critic): 0.0018
INFO:root:Episode 93	Current Score (average over 20 robots): 39.30	Average Score (over episodes): 30.97 		Total loss: 0.00	Learning rate (actor): 0.0009	Learning rate (critic): 0.0018
INFO:root:Episode 94	Current Score (average over 20 robots): 39.19	Average Score (over episodes): 31.06 		Total loss: 0.00	Learning rate (actor): 0.0009	Learning rate (critic): 0.0018
INFO:root:Episode 95	Current Score (average over 20 robots): 38.46	Average Score (over episodes): 31.14 		Total loss: 0.00	Learning rate (actor): 0.0009	Learning rate (critic): 0.0018
INFO:root:Episode 96	Current Score (average over 20 robots): 38.75	Average Score (over episodes): 31.22 		Total loss: 0.00	Learning rate (actor): 0.0009	Learning rate (critic): 0.0018
INFO:root:Episode 97	Current Score (average over 20 robots): 39.46	Average Score (over episodes): 31.30 		Total loss: 0.00	Learning rate (actor): 0.0009	Learning rate (critic): 0.0018
INFO:root:Episode 98	Current Score (average over 20 robots): 39.16	Average Score (over episodes): 31.38 		Total loss: 0.00	Learning rate (actor): 0.0009	Learning rate (critic): 0.0018
INFO:root:Episode 99	Current Score (average over 20 robots): 39.24	Average Score (over episodes): 31.46 		Total loss: 0.00	Learning rate (actor): 0.0009	Learning rate (critic): 0.0018
INFO:root:Episode 100	Current Score (average over 20 robots): 38.72	Average Score (over episodes): 31.53 		Total loss: 0.00	Learning rate (actor): 0.0009	Learning rate (critic): 0.0018
INFO:root:Episode 101	Current Score (average over 20 robots): 39.06	Average Score (over episodes): 31.92 		Total loss: 0.00	Learning rate (actor): 0.0009	Learning rate (critic): 0.0018
INFO:root:Episode 102	Current Score (average over 20 robots): 39.00	Average Score (over episodes): 32.30 		Total loss: 0.00	Learning rate (actor): 0.0009	Learning rate (critic): 0.0018
INFO:root:Episode 103	Current Score (average over 20 robots): 39.24	Average Score (over episodes): 32.68 		Total loss: 0.00	Learning rate (actor): 0.0009	Learning rate (critic): 0.0018
INFO:root:Episode 104	Current Score (average over 20 robots): 39.22	Average Score (over episodes): 33.06 		Total loss: 0.00	Learning rate (actor): 0.0009	Learning rate (critic): 0.0018
INFO:root:Episode 105	Current Score (average over 20 robots): 38.99	Average Score (over episodes): 33.44 		Total loss: 0.00	Learning rate (actor): 0.0009	Learning rate (critic): 0.0018
INFO:root:Episode 106	Current Score (average over 20 robots): 38.29	Average Score (over episodes): 33.80 		Total loss: 0.00	Learning rate (actor): 0.0009	Learning rate (critic): 0.0018
INFO:root:Episode 107	Current Score (average over 20 robots): 39.42	Average Score (over episodes): 34.18 		Total loss: 0.00	Learning rate (actor): 0.0009	Learning rate (critic): 0.0018
INFO:root:Episode 108	Current Score (average over 20 robots): 39.33	Average Score (over episodes): 34.56 		Total loss: 0.00	Learning rate (actor): 0.0009	Learning rate (critic): 0.0018
INFO:root:Episode 109	Current Score (average over 20 robots): 39.18	Average Score (over episodes): 34.94 		Total loss: 0.00	Learning rate (actor): 0.0009	Learning rate (critic): 0.0018
INFO:root:Episode 110	Current Score (average over 20 robots): 39.34	Average Score (over episodes): 35.31 		Total loss: 0.00	Learning rate (actor): 0.0009	Learning rate (critic): 0.0018
INFO:root:Episode 111	Current Score (average over 20 robots): 38.90	Average Score (over episodes): 35.68 		Total loss: 0.00	Learning rate (actor): 0.0009	Learning rate (critic): 0.0018
INFO:root:Episode 112	Current Score (average over 20 robots): 38.86	Average Score (over episodes): 36.04 		Total loss: 0.00	Learning rate (actor): 0.0009	Learning rate (critic): 0.0018
INFO:root:Episode 113	Current Score (average over 20 robots): 39.13	Average Score (over episodes): 36.41 		Total loss: 0.00	Learning rate (actor): 0.0009	Learning rate (critic): 0.0018
INFO:root:Episode 114	Current Score (average over 20 robots): 39.03	Average Score (over episodes): 36.75 		Total loss: 0.00	Learning rate (actor): 0.0009	Learning rate (critic): 0.0018
INFO:root:Episode 115	Current Score (average over 20 robots): 39.35	Average Score (over episodes): 37.08 		Total loss: 0.00	Learning rate (actor): 0.0009	Learning rate (critic): 0.0018
INFO:root:Episode 116	Current Score (average over 20 robots): 39.35	Average Score (over episodes): 37.39 		Total loss: 0.00	Learning rate (actor): 0.0009	Learning rate (critic): 0.0018
INFO:root:Episode 117	Current Score (average over 20 robots): 39.38	Average Score (over episodes): 37.69 		Total loss: 0.00	Learning rate (actor): 0.0009	Learning rate (critic): 0.0018
INFO:root:Episode 118	Current Score (average over 20 robots): 39.34	Average Score (over episodes): 37.94 		Total loss: 0.00	Learning rate (actor): 0.0009	Learning rate (critic): 0.0018
INFO:root:Episode 119	Current Score (average over 20 robots): 37.52	Average Score (over episodes): 38.13 		Total loss: 0.00	Learning rate (actor): 0.0009	Learning rate (critic): 0.0018
INFO:root:Episode 120	Current Score (average over 20 robots): 38.96	Average Score (over episodes): 38.31 		Total loss: 0.00	Learning rate (actor): 0.0009	Learning rate (critic): 0.0018
INFO:root:Episode 121	Current Score (average over 20 robots): 38.78	Average Score (over episodes): 38.41 		Total loss: 0.00	Learning rate (actor): 0.0009	Learning rate (critic): 0.0018
INFO:root:Episode 122	Current Score (average over 20 robots): 39.17	Average Score (over episodes): 38.52 		Total loss: 0.00	Learning rate (actor): 0.0009	Learning rate (critic): 0.0018
INFO:root:Episode 123	Current Score (average over 20 robots): 39.06	Average Score (over episodes): 38.59 		Total loss: 0.00	Learning rate (actor): 0.0009	Learning rate (critic): 0.0018
INFO:root:Episode 124	Current Score (average over 20 robots): 38.42	Average Score (over episodes): 38.63 		Total loss: 0.00	Learning rate (actor): 0.0009	Learning rate (critic): 0.0018
INFO:root:Episode 125	Current Score (average over 20 robots): 38.37	Average Score (over episodes): 38.66 		Total loss: 0.00	Learning rate (actor): 0.0009	Learning rate (critic): 0.0018
INFO:root:Episode 126	Current Score (average over 20 robots): 37.95	Average Score (over episodes): 38.67 		Total loss: 0.00	Learning rate (actor): 0.0009	Learning rate (critic): 0.0018
INFO:root:Episode 127	Current Score (average over 20 robots): 39.11	Average Score (over episodes): 38.69 		Total loss: 0.00	Learning rate (actor): 0.0009	Learning rate (critic): 0.0018
INFO:root:Episode 128	Current Score (average over 20 robots): 38.88	Average Score (over episodes): 38.70 		Total loss: 0.00	Learning rate (actor): 0.0009	Learning rate (critic): 0.0018
INFO:root:Episode 129	Current Score (average over 20 robots): 39.08	Average Score (over episodes): 38.73 		Total loss: 0.00	Learning rate (actor): 0.0009	Learning rate (critic): 0.0018
INFO:root:Episode 130	Current Score (average over 20 robots): 38.23	Average Score (over episodes): 38.76 		Total loss: 0.00	Learning rate (actor): 0.0009	Learning rate (critic): 0.0018
INFO:root:Episode 131	Current Score (average over 20 robots): 39.01	Average Score (over episodes): 38.78 		Total loss: 0.00	Learning rate (actor): 0.0009	Learning rate (critic): 0.0018
INFO:root:Episode 132	Current Score (average over 20 robots): 38.13	Average Score (over episodes): 38.77 		Total loss: 0.00	Learning rate (actor): 0.0009	Learning rate (critic): 0.0018
INFO:root:Episode 133	Current Score (average over 20 robots): 39.39	Average Score (over episodes): 38.78 		Total loss: 0.00	Learning rate (actor): 0.0009	Learning rate (critic): 0.0018
INFO:root:Episode 134	Current Score (average over 20 robots): 39.21	Average Score (over episodes): 38.79 		Total loss: 0.00	Learning rate (actor): 0.0009	Learning rate (critic): 0.0018
INFO:root:Episode 135	Current Score (average over 20 robots): 39.07	Average Score (over episodes): 38.80 		Total loss: 0.00	Learning rate (actor): 0.0009	Learning rate (critic): 0.0017
INFO:root:Episode 136	Current Score (average over 20 robots): 38.95	Average Score (over episodes): 38.80 		Total loss: 0.00	Learning rate (actor): 0.0009	Learning rate (critic): 0.0017
INFO:root:Episode 137	Current Score (average over 20 robots): 39.21	Average Score (over episodes): 38.81 		Total loss: 0.00	Learning rate (actor): 0.0009	Learning rate (critic): 0.0017
INFO:root:Episode 138	Current Score (average over 20 robots): 38.90	Average Score (over episodes): 38.81 		Total loss: 0.00	Learning rate (actor): 0.0009	Learning rate (critic): 0.0017
INFO:root:Episode 139	Current Score (average over 20 robots): 38.91	Average Score (over episodes): 38.82 		Total loss: 0.00	Learning rate (actor): 0.0009	Learning rate (critic): 0.0017
INFO:root:Episode 140	Current Score (average over 20 robots): 39.12	Average Score (over episodes): 38.84 		Total loss: 0.00	Learning rate (actor): 0.0009	Learning rate (critic): 0.0017
INFO:root:Episode 141	Current Score (average over 20 robots): 38.79	Average Score (over episodes): 38.84 		Total loss: 0.00	Learning rate (actor): 0.0009	Learning rate (critic): 0.0017
INFO:root:Episode 142	Current Score (average over 20 robots): 38.52	Average Score (over episodes): 38.84 		Total loss: 0.00	Learning rate (actor): 0.0009	Learning rate (critic): 0.0017
INFO:root:Episode 143	Current Score (average over 20 robots): 38.81	Average Score (over episodes): 38.84 		Total loss: 0.00	Learning rate (actor): 0.0009	Learning rate (critic): 0.0017
INFO:root:Episode 144	Current Score (average over 20 robots): 38.93	Average Score (over episodes): 38.84 		Total loss: 0.00	Learning rate (actor): 0.0009	Learning rate (critic): 0.0017
INFO:root:Episode 145	Current Score (average over 20 robots): 39.28	Average Score (over episodes): 38.84 		Total loss: 0.00	Learning rate (actor): 0.0009	Learning rate (critic): 0.0017
INFO:root:Episode 146	Current Score (average over 20 robots): 39.34	Average Score (over episodes): 38.84 		Total loss: 0.00	Learning rate (actor): 0.0009	Learning rate (critic): 0.0017
INFO:root:Episode 147	Current Score (average over 20 robots): 37.98	Average Score (over episodes): 38.83 		Total loss: 0.00	Learning rate (actor): 0.0009	Learning rate (critic): 0.0017
INFO:root:Episode 148	Current Score (average over 20 robots): 39.27	Average Score (over episodes): 38.83 		Total loss: 0.00	Learning rate (actor): 0.0009	Learning rate (critic): 0.0017
INFO:root:Episode 149	Current Score (average over 20 robots): 39.12	Average Score (over episodes): 38.83 		Total loss: 0.00	Learning rate (actor): 0.0009	Learning rate (critic): 0.0017
INFO:root:Episode 150	Current Score (average over 20 robots): 38.94	Average Score (over episodes): 38.83 		Total loss: 0.00	Learning rate (actor): 0.0009	Learning rate (critic): 0.0017
INFO:root:Episode 151	Current Score (average over 20 robots): 38.95	Average Score (over episodes): 38.84 		Total loss: 0.00	Learning rate (actor): 0.0009	Learning rate (critic): 0.0017
INFO:root:Episode 152	Current Score (average over 20 robots): 38.69	Average Score (over episodes): 38.84 		Total loss: 0.00	Learning rate (actor): 0.0009	Learning rate (critic): 0.0017
INFO:root:Episode 153	Current Score (average over 20 robots): 38.65	Average Score (over episodes): 38.84 		Total loss: 0.00	Learning rate (actor): 0.0009	Learning rate (critic): 0.0017
INFO:root:Episode 154	Current Score (average over 20 robots): 38.90	Average Score (over episodes): 38.83 		Total loss: 0.00	Learning rate (actor): 0.0009	Learning rate (critic): 0.0017
INFO:root:Episode 155	Current Score (average over 20 robots): 39.15	Average Score (over episodes): 38.86 		Total loss: 0.00	Learning rate (actor): 0.0009	Learning rate (critic): 0.0017
INFO:root:Episode 156	Current Score (average over 20 robots): 39.41	Average Score (over episodes): 38.87 		Total loss: 0.00	Learning rate (actor): 0.0009	Learning rate (critic): 0.0017
INFO:root:Episode 157	Current Score (average over 20 robots): 39.14	Average Score (over episodes): 38.87 		Total loss: 0.00	Learning rate (actor): 0.0009	Learning rate (critic): 0.0017
INFO:root:Episode 158	Current Score (average over 20 robots): 38.78	Average Score (over episodes): 38.87 		Total loss: 0.00	Learning rate (actor): 0.0009	Learning rate (critic): 0.0017
INFO:root:Episode 159	Current Score (average over 20 robots): 39.01	Average Score (over episodes): 38.90 		Total loss: 0.00	Learning rate (actor): 0.0009	Learning rate (critic): 0.0017
INFO:root:Episode 160	Current Score (average over 20 robots): 39.19	Average Score (over episodes): 38.90 		Total loss: 0.00	Learning rate (actor): 0.0009	Learning rate (critic): 0.0017
INFO:root:Episode 161	Current Score (average over 20 robots): 39.26	Average Score (over episodes): 38.91 		Total loss: 0.00	Learning rate (actor): 0.0009	Learning rate (critic): 0.0017
INFO:root:Episode 162	Current Score (average over 20 robots): 39.09	Average Score (over episodes): 38.91 		Total loss: 0.00	Learning rate (actor): 0.0009	Learning rate (critic): 0.0017
INFO:root:Episode 163	Current Score (average over 20 robots): 38.45	Average Score (over episodes): 38.91 		Total loss: 0.00	Learning rate (actor): 0.0009	Learning rate (critic): 0.0017
INFO:root:Episode 164	Current Score (average over 20 robots): 39.14	Average Score (over episodes): 38.91 		Total loss: 0.00	Learning rate (actor): 0.0008	Learning rate (critic): 0.0017
INFO:root:Episode 165	Current Score (average over 20 robots): 39.36	Average Score (over episodes): 38.93 		Total loss: 0.00	Learning rate (actor): 0.0008	Learning rate (critic): 0.0017
INFO:root:Episode 166	Current Score (average over 20 robots): 38.39	Average Score (over episodes): 38.93 		Total loss: 0.00	Learning rate (actor): 0.0008	Learning rate (critic): 0.0017
INFO:root:Episode 167	Current Score (average over 20 robots): 38.96	Average Score (over episodes): 38.93 		Total loss: 0.00	Learning rate (actor): 0.0008	Learning rate (critic): 0.0017
INFO:root:Episode 168	Current Score (average over 20 robots): 39.07	Average Score (over episodes): 38.93 		Total loss: 0.00	Learning rate (actor): 0.0008	Learning rate (critic): 0.0017
INFO:root:Episode 169	Current Score (average over 20 robots): 38.49	Average Score (over episodes): 38.92 		Total loss: 0.00	Learning rate (actor): 0.0008	Learning rate (critic): 0.0017
INFO:root:Episode 170	Current Score (average over 20 robots): 38.72	Average Score (over episodes): 38.92 		Total loss: 0.00	Learning rate (actor): 0.0008	Learning rate (critic): 0.0017
INFO:root:Episode 171	Current Score (average over 20 robots): 38.94	Average Score (over episodes): 38.92 		Total loss: 0.00	Learning rate (actor): 0.0008	Learning rate (critic): 0.0017
INFO:root:Episode 172	Current Score (average over 20 robots): 39.18	Average Score (over episodes): 38.92 		Total loss: 0.00	Learning rate (actor): 0.0008	Learning rate (critic): 0.0017
INFO:root:Episode 173	Current Score (average over 20 robots): 39.12	Average Score (over episodes): 38.92 		Total loss: 0.00	Learning rate (actor): 0.0008	Learning rate (critic): 0.0017
INFO:root:Episode 174	Current Score (average over 20 robots): 38.82	Average Score (over episodes): 38.92 		Total loss: 0.00	Learning rate (actor): 0.0008	Learning rate (critic): 0.0017
INFO:root:Episode 175	Current Score (average over 20 robots): 38.87	Average Score (over episodes): 38.93 		Total loss: 0.00	Learning rate (actor): 0.0008	Learning rate (critic): 0.0017
INFO:root:Episode 176	Current Score (average over 20 robots): 39.06	Average Score (over episodes): 38.93 		Total loss: 0.00	Learning rate (actor): 0.0008	Learning rate (critic): 0.0017
INFO:root:Episode 177	Current Score (average over 20 robots): 38.70	Average Score (over episodes): 38.93 		Total loss: 0.00	Learning rate (actor): 0.0008	Learning rate (critic): 0.0017
INFO:root:Episode 178	Current Score (average over 20 robots): 39.48	Average Score (over episodes): 38.94 		Total loss: 0.00	Learning rate (actor): 0.0008	Learning rate (critic): 0.0017
INFO:root:Episode 179	Current Score (average over 20 robots): 39.44	Average Score (over episodes): 38.94 		Total loss: 0.00	Learning rate (actor): 0.0008	Learning rate (critic): 0.0017
INFO:root:Episode 180	Current Score (average over 20 robots): 39.16	Average Score (over episodes): 38.94 		Total loss: 0.00	Learning rate (actor): 0.0008	Learning rate (critic): 0.0017
INFO:root:Episode 181	Current Score (average over 20 robots): 39.19	Average Score (over episodes): 38.97 		Total loss: 0.00	Learning rate (actor): 0.0008	Learning rate (critic): 0.0017
INFO:root:Episode 182	Current Score (average over 20 robots): 38.94	Average Score (over episodes): 38.98 		Total loss: 0.00	Learning rate (actor): 0.0008	Learning rate (critic): 0.0017
INFO:root:Episode 183	Current Score (average over 20 robots): 38.58	Average Score (over episodes): 38.98 		Total loss: 0.00	Learning rate (actor): 0.0008	Learning rate (critic): 0.0017
INFO:root:Episode 184	Current Score (average over 20 robots): 39.04	Average Score (over episodes): 38.97 		Total loss: 0.00	Learning rate (actor): 0.0008	Learning rate (critic): 0.0017
INFO:root:Episode 185	Current Score (average over 20 robots): 38.66	Average Score (over episodes): 38.97 		Total loss: 0.00	Learning rate (actor): 0.0008	Learning rate (critic): 0.0017
INFO:root:Episode 186	Current Score (average over 20 robots): 38.71	Average Score (over episodes): 38.96 		Total loss: 0.00	Learning rate (actor): 0.0008	Learning rate (critic): 0.0017
INFO:root:Episode 187	Current Score (average over 20 robots): 39.07	Average Score (over episodes): 38.97 		Total loss: 0.00	Learning rate (actor): 0.0008	Learning rate (critic): 0.0017
INFO:root:Episode 188	Current Score (average over 20 robots): 38.77	Average Score (over episodes): 38.97 		Total loss: 0.00	Learning rate (actor): 0.0008	Learning rate (critic): 0.0017
INFO:root:Episode 189	Current Score (average over 20 robots): 39.12	Average Score (over episodes): 38.97 		Total loss: 0.00	Learning rate (actor): 0.0008	Learning rate (critic): 0.0017
INFO:root:Episode 190	Current Score (average over 20 robots): 39.21	Average Score (over episodes): 38.97 		Total loss: 0.00	Learning rate (actor): 0.0008	Learning rate (critic): 0.0017
INFO:root:Episode 191	Current Score (average over 20 robots): 39.14	Average Score (over episodes): 38.96 		Total loss: 0.00	Learning rate (actor): 0.0008	Learning rate (critic): 0.0017
INFO:root:Episode 192	Current Score (average over 20 robots): 39.39	Average Score (over episodes): 38.97 		Total loss: 0.00	Learning rate (actor): 0.0008	Learning rate (critic): 0.0017
INFO:root:Episode 193	Current Score (average over 20 robots): 39.14	Average Score (over episodes): 38.96 		Total loss: 0.00	Learning rate (actor): 0.0008	Learning rate (critic): 0.0017
INFO:root:Episode 194	Current Score (average over 20 robots): 38.88	Average Score (over episodes): 38.96 		Total loss: 0.00	Learning rate (actor): 0.0008	Learning rate (critic): 0.0016
INFO:root:Episode 195	Current Score (average over 20 robots): 38.45	Average Score (over episodes): 38.96 		Total loss: 0.00	Learning rate (actor): 0.0008	Learning rate (critic): 0.0016
INFO:root:Episode 196	Current Score (average over 20 robots): 38.89	Average Score (over episodes): 38.96 		Total loss: 0.00	Learning rate (actor): 0.0008	Learning rate (critic): 0.0016
INFO:root:Episode 197	Current Score (average over 20 robots): 38.68	Average Score (over episodes): 38.95 		Total loss: 0.00	Learning rate (actor): 0.0008	Learning rate (critic): 0.0016
INFO:root:Episode 198	Current Score (average over 20 robots): 39.09	Average Score (over episodes): 38.95 		Total loss: 0.00	Learning rate (actor): 0.0008	Learning rate (critic): 0.0016
INFO:root:Episode 199	Current Score (average over 20 robots): 38.99	Average Score (over episodes): 38.95 		Total loss: 0.00	Learning rate (actor): 0.0008	Learning rate (critic): 0.0016
INFO:root:Episode 200	Current Score (average over 20 robots): 38.88	Average Score (over episodes): 38.95 		Total loss: 0.00	Learning rate (actor): 0.0008	Learning rate (critic): 0.0016
INFO:root:Episode 201	Current Score (average over 20 robots): 39.13	Average Score (over episodes): 38.95 		Total loss: 0.00	Learning rate (actor): 0.0008	Learning rate (critic): 0.0016
INFO:root:Episode 202	Current Score (average over 20 robots): 39.10	Average Score (over episodes): 38.95 		Total loss: 0.00	Learning rate (actor): 0.0008	Learning rate (critic): 0.0016
INFO:root:Episode 203	Current Score (average over 20 robots): 39.28	Average Score (over episodes): 38.95 		Total loss: 0.00	Learning rate (actor): 0.0008	Learning rate (critic): 0.0016
INFO:root:Episode 204	Current Score (average over 20 robots): 39.14	Average Score (over episodes): 38.95 		Total loss: 0.00	Learning rate (actor): 0.0008	Learning rate (critic): 0.0016
INFO:root:Episode 205	Current Score (average over 20 robots): 38.99	Average Score (over episodes): 38.95 		Total loss: 0.00	Learning rate (actor): 0.0008	Learning rate (critic): 0.0016
INFO:root:Episode 206	Current Score (average over 20 robots): 39.04	Average Score (over episodes): 38.96 		Total loss: 0.00	Learning rate (actor): 0.0008	Learning rate (critic): 0.0016
INFO:root:Episode 207	Current Score (average over 20 robots): 38.78	Average Score (over episodes): 38.95 		Total loss: 0.00	Learning rate (actor): 0.0008	Learning rate (critic): 0.0016
